2015-07-23 15:58:06,518 INFO  mr4c.java.util.MR4CLogging: Added MR4C logging config from file file:/etc/mr4c/log4j.properties 
2015-07-23 15:58:06,519 INFO  mr4c.java.util.MR4CLogging: Logger mr4c.javaalgo is going to /home/gpu/workspace/mr4c_programs/wordcount_reduce_host_gpu/./logs/mr4c-java-algo.log
2015-07-23 15:58:06,519 INFO  mr4c.java.util.MR4CLogging: Logger mr4c.java is going to /home/gpu/workspace/mr4c_programs/wordcount_reduce_host_gpu/./logs/mr4c-java.log
2015-07-23 15:58:06,533 INFO  mr4c.java.AlgoRunner: No raw properties
2015-07-23 15:58:06,534 INFO  mr4c.java.AlgoRunner: No hadoop properties
2015-07-23 15:58:06,534 INFO  mr4c.java.AlgoRunner: No topics properties
2015-07-23 15:58:06,534 INFO  mr4c.java.AlgoRunner: No algo properties
2015-07-23 15:58:06,534 INFO  mr4c.java.AlgoRunner: No stats properties
2015-07-23 15:58:06,535 INFO  mr4c.java.AlgoRunner: No runtime properties
2015-07-23 15:58:06,535 INFO  mr4c.java.AlgoRunner: Begin dump of core properties
2015-07-23 15:58:06,536 INFO  mr4c.java.AlgoRunner: #
#Thu Jul 23 15:58:06 JST 2015
site.conf=
lib.path=/usr/local/cuda-7.0/lib64\:/usr/include/gdal\:\:/lib\:\:/home/gpu/workspace/mr4c_programs/wordcount_reduce_host_gpu/lib\:.\:/usr/local/lib
root.dir=/home/gpu/workspace/mr4c_programs/wordcount_reduce_host_gpu
log4j.conf=

2015-07-23 15:58:06,536 INFO  mr4c.java.AlgoRunner: End dump of core properties
2015-07-23 15:58:06,541 INFO  mr4c.java.AlgoRunner: No s3 properties
2015-07-23 15:58:06,541 INFO  mr4c.java.AlgoRunner: No custom properties
2015-07-23 15:58:06,545 INFO  mr4c.java.sources.ConfiguredExecutionSource: Loading execution config from [./changeimage.json]
2015-07-23 15:58:06,586 INFO  mr4c.java.algorithm.Algorithms: Algorithm config is inline
2015-07-23 15:58:06,596 INFO  mr4c.java.sources.DatasetSources: Created dataset source [input/test.bin]
2015-07-23 15:58:06,596 INFO  mr4c.java.sources.DatasetSources: Created dataset source [output/testOut.bin]
2015-07-23 15:58:07,475 INFO  mr4c.java.nativec.jna.JnaNativeAlgorithm: Begin loading native libraries
2015-07-23 15:58:07,475 INFO  mr4c.java.nativec.jna.JnaNativeAlgorithm: jna.library.path=/usr/local/cuda-7.0/lib64:/usr/include/gdal::/lib::/home/gpu/workspace/mr4c_programs/wordcount_reduce_host_gpu/lib:.:/usr/local/lib
2015-07-23 15:58:07,476 INFO  mr4c.java.nativec.jna.JnaNativeAlgorithm: jna.platform.library.path=/usr/lib/x86_64-linux-gnu:/lib/x86_64-linux-gnu:/lib64:/usr/lib:/lib
2015-07-23 15:58:07,476 INFO  mr4c.java.nativec.jna.JnaNativeAlgorithm: LD_LIBRARY_PATH=/usr/local/cuda-7.0/lib64:/usr/include/gdal::/lib::/home/gpu/workspace/mr4c_programs/wordcount_reduce_host_gpu/lib
2015-07-23 15:58:07,476 INFO  mr4c.java.nativec.jna.JnaNativeAlgorithm: MR4C native library found at [/usr/local/lib/libmr4c.so]
2015-07-23 15:58:07,476 INFO  mr4c.java.nativec.jna.JnaNativeAlgorithm: Loading native algorithm library [ChangeImage]
2015-07-23 15:58:07,479 INFO  mr4c.java.nativec.jna.JnaNativeAlgorithm: Native algorithm library found at [/home/gpu/workspace/mr4c_programs/wordcount_reduce_host_gpu/lib/libChangeImage.so]
2015-07-23 15:58:07,479 INFO  mr4c.java.nativec.jna.JnaNativeAlgorithm: End loading native libraries
2015-07-23 15:58:07,482 INFO  mr4c.java.AlgoRunner: Begin loading input dataset [imageIn]
2015-07-23 15:58:07,482 INFO  mr4c.java.sources.BinaryDatasetSource: Begin reading dataset
2015-07-23 15:58:07,482 INFO  mr4c.java.sources.BinaryDatasetSource: Checking for single binary file at [input/test.bin]
2015-07-23 15:58:07,484 INFO  mr4c.java.sources.BinaryDatasetSource: Done reading dataset
2015-07-23 15:58:07,484 INFO  mr4c.java.AlgoRunner: Input dataset [imageIn] has 1 file keys and 0 metadata keys
2015-07-23 15:58:07,484 INFO  mr4c.java.AlgoRunner: End loading input dataset [imageIn]
2015-07-23 15:58:07,486 INFO  mr4c.java.AlgoRunner: Begin preparing output dataset [imageOut]
2015-07-23 15:58:07,486 INFO  mr4c.java.AlgoRunner: End preparing output dataset [imageOut]
2015-07-23 15:58:07,487 INFO  mr4c.java.AlgoRunner: Executing algorithm [changeimage]
2015-07-23 15:58:07,487 INFO  mr4c.java.nativec.ExternalAlgorithmDataSerializer: Begin serializing input data
2015-07-23 15:58:07,488 INFO  mr4c.java.nativec.ExternalAlgorithmDataSerializer: Serializing keyspace
2015-07-23 15:58:07,489 INFO  mr4c.java.nativec.ExternalAlgorithmDataSerializer: Serializing config params
2015-07-23 15:58:07,489 INFO  mr4c.java.nativec.ExternalAlgorithmDataSerializer: Serializing input dataset [imageIn]
2015-07-23 15:58:07,508 INFO  mr4c.java.nativec.ExternalAlgorithmDataSerializer: End serializing input data
2015-07-23 15:58:07,508 INFO  mr4c.java.nativec.ExternalAlgorithmDataSerializer: Begin serializing output data
2015-07-23 15:58:07,508 INFO  mr4c.java.nativec.ExternalAlgorithmDataSerializer: Serializing output dataset [imageOut]
2015-07-23 15:58:07,510 INFO  mr4c.java.nativec.ExternalAlgorithmDataSerializer: End serializing output data
