2015-07-21 15:53:37,587 INFO  mr4c.java.util.MR4CLogging: Log4j initialization loaded MR4C logging config
2015-07-21 15:53:37,589 INFO  mr4c.java.util.MR4CLogging: Logger mr4c.javaalgo is going to /home/gpu/workspace/mr4c_programs/example7_yarn_gpu/./logs/mr4c-java-algo.log
2015-07-21 15:53:37,589 INFO  mr4c.java.util.MR4CLogging: Logger mr4c.java is going to /home/gpu/workspace/mr4c_programs/example7_yarn_gpu/./logs/mr4c-java.log
2015-07-21 15:53:37,797 INFO  mr4c.java.hadoop.LocalHadoopAlgoRunner: Args passed to options parser: [/usr/local/mr4c/java/dist/mr4c-with-libs.jar, ./map.json, -Htasks=2, -Hcores.min=1, -Hcores.max=2, -Hmemory.min=1024, -Hmemory.max=2048, -Hgpu-memory.min=256, -Hgpu-memory.max=1024]
2015-07-21 15:53:37,877 INFO  mr4c.java.hadoop.LocalHadoopAlgoRunner: Args returned from options parser: [/usr/local/mr4c/java/dist/mr4c-with-libs.jar, ./map.json, -Htasks=2, -Hcores.min=1, -Hcores.max=2, -Hmemory.min=1024, -Hmemory.max=2048, -Hgpu-memory.min=256, -Hgpu-memory.max=1024]
2015-07-21 15:53:37,883 INFO  mr4c.java.hadoop.LocalHadoopAlgoRunner: Args after parsing out config: [/usr/local/mr4c/java/dist/mr4c-with-libs.jar, ./map.json]
2015-07-21 15:53:37,893 INFO  mr4c.java.hadoop.LocalHadoopAlgoRunner: No raw properties
2015-07-21 15:53:37,893 INFO  mr4c.java.hadoop.LocalHadoopAlgoRunner: Begin dump of hadoop properties
2015-07-21 15:53:37,894 INFO  mr4c.java.hadoop.LocalHadoopAlgoRunner: #
#Tue Jul 21 15:53:37 JST 2015
algorithm.classpath=
memory.min=1024
gpu-memory.max=1024
cores.max=2
gpu-memory.min=256
memory.max=2048
tasks=2
cores.min=1

2015-07-21 15:53:37,894 INFO  mr4c.java.hadoop.LocalHadoopAlgoRunner: End dump of hadoop properties
2015-07-21 15:53:37,898 INFO  mr4c.java.hadoop.LocalHadoopAlgoRunner: No topics properties
2015-07-21 15:53:37,898 INFO  mr4c.java.hadoop.LocalHadoopAlgoRunner: No algo properties
2015-07-21 15:53:37,899 INFO  mr4c.java.hadoop.LocalHadoopAlgoRunner: No stats properties
2015-07-21 15:53:37,899 INFO  mr4c.java.hadoop.LocalHadoopAlgoRunner: No runtime properties
2015-07-21 15:53:37,899 INFO  mr4c.java.hadoop.LocalHadoopAlgoRunner: Begin dump of core properties
2015-07-21 15:53:37,900 INFO  mr4c.java.hadoop.LocalHadoopAlgoRunner: #
#Tue Jul 21 15:53:37 JST 2015
site.conf=./site.json
lib.path=/usr/local/cuda-7.0/lib64\:/usr/include/gdal\:\:/lib\:\:/home/gpu/workspace/mr4c_programs/example7_yarn_gpu/lib\:/usr/local/lib\:.\:/usr/local/lib
root.dir=/home/gpu/workspace/mr4c_programs/example7_yarn_gpu
log4j.conf=

2015-07-21 15:53:37,900 INFO  mr4c.java.hadoop.LocalHadoopAlgoRunner: End dump of core properties
2015-07-21 15:53:37,900 INFO  mr4c.java.hadoop.LocalHadoopAlgoRunner: No s3 properties
2015-07-21 15:53:37,900 INFO  mr4c.java.hadoop.LocalHadoopAlgoRunner: No custom properties
2015-07-21 15:53:37,904 INFO  mr4c.java.config.site.MR4CSite: Reading site config from [./site.json]
2015-07-21 15:53:37,943 INFO  mr4c.java.hadoop.LocalHadoopAlgoRunner: Args passed to options parser: [-jt, localhost:8032, -fs, hdfs://localhost:8020]
2015-07-21 15:53:37,947 INFO  mr4c.java.hadoop.LocalHadoopAlgoRunner: Args returned from options parser: []
2015-07-21 15:53:37,947 INFO  mr4c.java.hadoop.LocalHadoopAlgoRunner: Args passed to options parser: []
2015-07-21 15:53:37,947 INFO  mr4c.java.hadoop.LocalHadoopAlgoRunner: Args returned from options parser: []
2015-07-21 15:53:37,962 INFO  mr4c.java.hadoop.LocalHadoopAlgoRunner: Specified cluster is [Job Tracker=[localhost:8032]; File System=[hdfs://localhost:8020]]
2015-07-21 15:53:38,470 INFO  mr4c.java.hadoop.LocalHadoopAlgoRunner: Request for gpu-memory = 1024
2015-07-21 15:53:38,470 INFO  mr4c.java.hadoop.LocalHadoopAlgoRunner: Request for memory = 2048
2015-07-21 15:53:38,471 INFO  mr4c.java.hadoop.LocalHadoopAlgoRunner: Request for cores = 2
2015-07-21 15:53:38,472 INFO  mr4c.java.AlgoRunner: No raw properties
2015-07-21 15:53:38,473 INFO  mr4c.java.AlgoRunner: Begin dump of hadoop properties
2015-07-21 15:53:38,473 INFO  mr4c.java.AlgoRunner: #
#Tue Jul 21 15:53:38 JST 2015
remote=false
cores.min=1
memory.max=2048
tasks=2
cores.max=2
gpu-memory.min=256
memory.min=1024
gpu-memory.max=1024
mr4c.jar=/usr/local/mr4c/java/dist/mr4c-with-libs.jar
algorithm.classpath=

2015-07-21 15:53:38,473 INFO  mr4c.java.AlgoRunner: End dump of hadoop properties
2015-07-21 15:53:38,474 INFO  mr4c.java.AlgoRunner: No topics properties
2015-07-21 15:53:38,474 INFO  mr4c.java.AlgoRunner: No algo properties
2015-07-21 15:53:38,474 INFO  mr4c.java.AlgoRunner: No stats properties
2015-07-21 15:53:38,474 INFO  mr4c.java.AlgoRunner: No runtime properties
2015-07-21 15:53:38,475 INFO  mr4c.java.AlgoRunner: Begin dump of core properties
2015-07-21 15:53:38,475 INFO  mr4c.java.AlgoRunner: #
#Tue Jul 21 15:53:38 JST 2015
site.conf=./site.json
lib.path=/usr/local/cuda-7.0/lib64\:/usr/include/gdal\:\:/lib\:\:/home/gpu/workspace/mr4c_programs/example7_yarn_gpu/lib\:/usr/local/lib\:.\:/usr/local/lib
exe.conf=./map.json
root.dir=/home/gpu/workspace/mr4c_programs/example7_yarn_gpu
log4j.conf=

2015-07-21 15:53:38,475 INFO  mr4c.java.AlgoRunner: End dump of core properties
2015-07-21 15:53:38,475 INFO  mr4c.java.AlgoRunner: No s3 properties
2015-07-21 15:53:38,475 INFO  mr4c.java.AlgoRunner: No custom properties
2015-07-21 15:53:38,477 INFO  mr4c.java.sources.ConfiguredExecutionSource: Loading execution config from [./map.json]
2015-07-21 15:53:38,486 INFO  mr4c.java.algorithm.Algorithms: Algorithm config is inline
2015-07-21 15:53:38,496 INFO  mr4c.java.sources.FileSources: Creating file source for [hdfs://localhost:8020/user/gpu/skysatIn]
2015-07-21 15:53:38,496 INFO  mr4c.java.sources.FileSources: Creating HDFS file source for directory [hdfs://localhost:8020/user/gpu/skysatIn]
2015-07-21 15:53:38,805 INFO  mr4c.java.sources.FilesDatasetSourceConfig: Files dataset source config is inline
2015-07-21 15:53:38,811 INFO  mr4c.java.sources.DatasetSources: Created dataset source [directory dataset source stored by [hdfs://localhost:8020/user/gpu/skysatIn]]
2015-07-21 15:53:38,812 INFO  mr4c.java.sources.FileSources: Creating file source for [hdfs://localhost:8020/user/gpu/skysatReduce]
2015-07-21 15:53:38,812 INFO  mr4c.java.sources.FileSources: Creating HDFS file source for directory [hdfs://localhost:8020/user/gpu/skysatReduce]
2015-07-21 15:53:38,823 INFO  mr4c.java.sources.FilesDatasetSourceConfig: Files dataset source config is inline
2015-07-21 15:53:38,824 INFO  mr4c.java.sources.DatasetSources: Created dataset source [directory dataset source stored by [hdfs://localhost:8020/user/gpu/skysatReduce]]
2015-07-21 15:53:39,669 INFO  mr4c.java.nativec.jna.JnaNativeAlgorithm: Begin loading native libraries
2015-07-21 15:53:39,669 INFO  mr4c.java.nativec.jna.JnaNativeAlgorithm: jna.library.path=/usr/local/cuda-7.0/lib64:/usr/include/gdal::/lib::/home/gpu/workspace/mr4c_programs/example7_yarn_gpu/lib:/usr/local/lib:.:/usr/local/lib
2015-07-21 15:53:39,670 INFO  mr4c.java.nativec.jna.JnaNativeAlgorithm: jna.platform.library.path=/usr/lib/x86_64-linux-gnu:/lib/x86_64-linux-gnu:/lib64:/usr/lib:/lib
2015-07-21 15:53:39,670 INFO  mr4c.java.nativec.jna.JnaNativeAlgorithm: LD_LIBRARY_PATH=/usr/local/cuda-7.0/lib64:/usr/include/gdal::/lib::/home/gpu/workspace/mr4c_programs/example7_yarn_gpu/lib:/usr/local/lib
2015-07-21 15:53:39,670 INFO  mr4c.java.nativec.jna.JnaNativeAlgorithm: MR4C native library found at [/usr/local/lib/libmr4c.so]
2015-07-21 15:53:39,670 INFO  mr4c.java.nativec.jna.JnaNativeAlgorithm: Loading native algorithm library [Map]
2015-07-21 15:53:39,685 INFO  mr4c.java.nativec.jna.JnaNativeAlgorithm: Native algorithm library found at [/home/gpu/workspace/mr4c_programs/example7_yarn_gpu/lib/libMap.so]
2015-07-21 15:53:39,685 INFO  mr4c.java.nativec.jna.JnaNativeAlgorithm: Loading extra native library [gdal]
2015-07-21 15:53:39,686 INFO  mr4c.java.nativec.jna.JnaNativeAlgorithm: Extra native library found at [/home/gpu/workspace/mr4c_programs/example7_yarn_gpu/libgdal.so]
2015-07-21 15:53:39,686 INFO  mr4c.java.nativec.jna.JnaNativeAlgorithm: End loading native libraries
2015-07-21 15:53:39,720 INFO  mr4c.java.hadoop.LocalHadoopAlgoRunner: BEGIN LOG CONFIGURATION
2015-07-21 15:53:39,721 INFO  mr4c.java.hadoop.LocalHadoopAlgoRunner: Resource core-default.xml found at jar:file:/usr/local/mr4c/java/lib/hadoop-common-2.5.0-cdh5.2.0.jar!/core-default.xml
2015-07-21 15:53:39,721 INFO  mr4c.java.hadoop.LocalHadoopAlgoRunner: Resource core-site.xml found at null
2015-07-21 15:53:39,721 INFO  mr4c.java.hadoop.LocalHadoopAlgoRunner: Resource hdfs-default.xml found at jar:file:/usr/local/mr4c/java/lib/hadoop-hdfs-2.5.0-cdh5.2.0.jar!/hdfs-default.xml
2015-07-21 15:53:39,721 INFO  mr4c.java.hadoop.LocalHadoopAlgoRunner: Resource hdfs-site.xml found at null
2015-07-21 15:53:39,721 INFO  mr4c.java.hadoop.LocalHadoopAlgoRunner: Resource mapred-default.xml found at jar:file:/usr/local/mr4c/java/lib/hadoop-mapreduce-client-core-2.5.0-cdh5.2.0.jar!/mapred-default.xml
2015-07-21 15:53:39,722 INFO  mr4c.java.hadoop.LocalHadoopAlgoRunner: Resource mapred-site.xml found at null
2015-07-21 15:53:39,722 INFO  mr4c.java.hadoop.LocalHadoopAlgoRunner: Resource yarn-default.xml found at jar:file:/usr/local/mr4c/java/lib/hadoop-yarn-common-2.6.0.jar!/yarn-default.xml
2015-07-21 15:53:39,722 INFO  mr4c.java.hadoop.LocalHadoopAlgoRunner: Resource yarn-site.xml found at null
2015-07-21 15:53:39,722 INFO  mr4c.java.hadoop.LocalHadoopAlgoRunner: Resource mr4c-hadoop-default.xml found at jar:file:/usr/local/mr4c/java/dist/mr4c-with-libs.jar!/mr4c-hadoop-default.xml
2015-07-21 15:53:39,722 INFO  mr4c.java.hadoop.LocalHadoopAlgoRunner: Resource mr4c-hadoop-site.xml found at file:/usr/local/mr4c/java/conf/mr4c-hadoop-site.xml
2015-07-21 15:53:39,722 INFO  mr4c.java.hadoop.LocalHadoopAlgoRunner: yarn.resourcemanager.address=localhost:8032; source: [from -jt command line option]
2015-07-21 15:53:39,722 INFO  mr4c.java.hadoop.LocalHadoopAlgoRunner: fs.defaultFS=hdfs://localhost:8020; source: [programatically]
2015-07-21 15:53:39,722 INFO  mr4c.java.hadoop.LocalHadoopAlgoRunner: fs.default.name=hdfs://localhost:8020; source: unknown
2015-07-21 15:53:39,723 INFO  mr4c.java.hadoop.LocalHadoopAlgoRunner: mapreduce.framework.name=yarn; source: [programatically]
2015-07-21 15:53:39,723 INFO  mr4c.java.hadoop.LocalHadoopAlgoRunner: mapreduce.map.memory.mb=2048; source: [programatically]
2015-07-21 15:53:39,723 INFO  mr4c.java.hadoop.LocalHadoopAlgoRunner: mapreduce.map.cpu.vcores=2; source: [programatically]
2015-07-21 15:53:39,723 INFO  mr4c.java.hadoop.LocalHadoopAlgoRunner: mapreduce.map.gpu-memory.mb=1024; source: [programatically]
2015-07-21 15:53:39,723 INFO  mr4c.java.hadoop.LocalHadoopAlgoRunner: mapreduce.application.classpath=null; source: unknown
2015-07-21 15:53:39,723 INFO  mr4c.java.hadoop.LocalHadoopAlgoRunner: yarn.application.classpath=null; source: unknown
2015-07-21 15:53:39,723 INFO  mr4c.java.hadoop.LocalHadoopAlgoRunner: END LOG CONFIGURATION
2015-07-21 15:53:40,146 INFO  mr4c.java.hadoop.HadoopUtils: No raw properties
2015-07-21 15:53:40,147 INFO  mr4c.java.hadoop.HadoopUtils: Begin dump of hadoop properties
2015-07-21 15:53:40,147 INFO  mr4c.java.hadoop.HadoopUtils: #
#Tue Jul 21 15:53:40 JST 2015
remote=false
cores.min=1
memory.max=2048
tasks=2
cores.max=2
gpu-memory.min=256
memory.min=1024
gpu-memory.max=1024
mr4c.jar=/tmp/hadoop-yarn/staging/gpu/.staging/job_1437109879800_0027/job.jar
algorithm.classpath=

2015-07-21 15:53:40,147 INFO  mr4c.java.hadoop.HadoopUtils: End dump of hadoop properties
2015-07-21 15:53:40,148 INFO  mr4c.java.hadoop.HadoopUtils: No topics properties
2015-07-21 15:53:40,148 INFO  mr4c.java.hadoop.HadoopUtils: No algo properties
2015-07-21 15:53:40,148 INFO  mr4c.java.hadoop.HadoopUtils: No stats properties
2015-07-21 15:53:40,149 INFO  mr4c.java.hadoop.HadoopUtils: No runtime properties
2015-07-21 15:53:40,149 INFO  mr4c.java.hadoop.HadoopUtils: Begin dump of core properties
2015-07-21 15:53:40,150 INFO  mr4c.java.hadoop.HadoopUtils: #
#Tue Jul 21 15:53:40 JST 2015
site.conf=./site.json
lib.path=/usr/local/cuda-7.0/lib64\:/usr/include/gdal\:\:/lib\:\:/home/gpu/workspace/mr4c_programs/example7_yarn_gpu/lib\:/usr/local/lib\:.\:/usr/local/lib
exe.conf=./map.json
root.dir=/home/gpu/workspace/mr4c_programs/example7_yarn_gpu
log4j.conf=

2015-07-21 15:53:40,150 INFO  mr4c.java.hadoop.HadoopUtils: End dump of core properties
2015-07-21 15:53:40,150 INFO  mr4c.java.hadoop.HadoopUtils: No s3 properties
2015-07-21 15:53:40,150 INFO  mr4c.java.hadoop.HadoopUtils: No custom properties
2015-07-21 15:53:40,150 INFO  mr4c.java.sources.ConfiguredExecutionSource: Loading execution config from [./map.json]
2015-07-21 15:53:40,152 INFO  mr4c.java.algorithm.Algorithms: Algorithm config is inline
2015-07-21 15:53:40,153 INFO  mr4c.java.sources.FileSources: Creating file source for [hdfs://localhost:8020/user/gpu/skysatIn]
2015-07-21 15:53:40,153 INFO  mr4c.java.sources.FileSources: Creating HDFS file source for directory [hdfs://localhost:8020/user/gpu/skysatIn]
2015-07-21 15:53:40,163 INFO  mr4c.java.sources.FilesDatasetSourceConfig: Files dataset source config is inline
2015-07-21 15:53:40,164 INFO  mr4c.java.sources.DatasetSources: Created dataset source [directory dataset source stored by [hdfs://localhost:8020/user/gpu/skysatIn]]
2015-07-21 15:53:40,164 INFO  mr4c.java.sources.FileSources: Creating file source for [hdfs://localhost:8020/user/gpu/skysatReduce]
2015-07-21 15:53:40,164 INFO  mr4c.java.sources.FileSources: Creating HDFS file source for directory [hdfs://localhost:8020/user/gpu/skysatReduce]
2015-07-21 15:53:40,174 INFO  mr4c.java.sources.FilesDatasetSourceConfig: Files dataset source config is inline
2015-07-21 15:53:40,175 INFO  mr4c.java.sources.DatasetSources: Created dataset source [directory dataset source stored by [hdfs://localhost:8020/user/gpu/skysatReduce]]
2015-07-21 15:53:40,179 INFO  mr4c.java.hadoop.MR4CInputFormat: Asked for 2 splits
2015-07-21 15:53:40,181 INFO  mr4c.java.nativec.jna.JnaNativeAlgorithm: Begin loading native libraries
2015-07-21 15:53:40,181 INFO  mr4c.java.nativec.jna.JnaNativeAlgorithm: jna.library.path=/usr/local/cuda-7.0/lib64:/usr/include/gdal::/lib::/home/gpu/workspace/mr4c_programs/example7_yarn_gpu/lib:/usr/local/lib:.:/usr/local/lib
2015-07-21 15:53:40,181 INFO  mr4c.java.nativec.jna.JnaNativeAlgorithm: jna.platform.library.path=/usr/lib/x86_64-linux-gnu:/lib/x86_64-linux-gnu:/lib64:/usr/lib:/lib
2015-07-21 15:53:40,181 INFO  mr4c.java.nativec.jna.JnaNativeAlgorithm: LD_LIBRARY_PATH=/usr/local/cuda-7.0/lib64:/usr/include/gdal::/lib::/home/gpu/workspace/mr4c_programs/example7_yarn_gpu/lib:/usr/local/lib
2015-07-21 15:53:40,181 INFO  mr4c.java.nativec.jna.JnaNativeAlgorithm: MR4C native library found at [/usr/local/lib/libmr4c.so]
2015-07-21 15:53:40,181 INFO  mr4c.java.nativec.jna.JnaNativeAlgorithm: Loading native algorithm library [Map]
2015-07-21 15:53:40,181 INFO  mr4c.java.nativec.jna.JnaNativeAlgorithm: Native algorithm library found at [/home/gpu/workspace/mr4c_programs/example7_yarn_gpu/lib/libMap.so]
2015-07-21 15:53:40,181 INFO  mr4c.java.nativec.jna.JnaNativeAlgorithm: Loading extra native library [gdal]
2015-07-21 15:53:40,181 INFO  mr4c.java.nativec.jna.JnaNativeAlgorithm: Extra native library found at [/home/gpu/workspace/mr4c_programs/example7_yarn_gpu/libgdal.so]
2015-07-21 15:53:40,181 INFO  mr4c.java.nativec.jna.JnaNativeAlgorithm: End loading native libraries
2015-07-21 15:53:40,184 INFO  mr4c.java.AlgoRunner: Begin loading input dataset [imagesIn]
2015-07-21 15:53:40,184 INFO  mr4c.java.sources.FilesDatasetSource: Begin reading dataset
2015-07-21 15:53:40,186 INFO  mr4c.java.sources.FilesDatasetSource: Looking for dataset file named [dataset.json]
2015-07-21 15:53:40,186 WARN  mr4c.java.sources.FilesDatasetSource: No dataset file named [dataset.json] found
2015-07-21 15:53:40,187 INFO  mr4c.java.sources.FilesDatasetSource: Configuration specifies don't use self config
2015-07-21 15:53:40,191 WARN  mr4c.java.sources.FilesDatasetSource: Ignoring file [1.txt] (no match)
2015-07-21 15:53:40,192 WARN  mr4c.java.sources.FilesDatasetSource: Ignoring file [2.txt] (no match)
2015-07-21 15:53:40,193 INFO  mr4c.java.sources.FilesDatasetSource: Done reading dataset
2015-07-21 15:53:40,194 INFO  mr4c.java.AlgoRunner: Input dataset [imagesIn] has 0 file keys and 0 metadata keys
2015-07-21 15:53:40,194 INFO  mr4c.java.AlgoRunner: End loading input dataset [imagesIn]
2015-07-21 15:53:40,194 INFO  mr4c.java.AlgoRunner: Begin preparing output dataset [hist]
2015-07-21 15:53:40,194 INFO  mr4c.java.AlgoRunner: End preparing output dataset [hist]
2015-07-21 15:53:40,195 INFO  mr4c.java.hadoop.MR4CInputFormat: Dim partition is {}
2015-07-21 15:53:40,196 ERROR mr4c.java.hadoop.MR4CInputFormat: Error getting splits
java.lang.IllegalStateException: Dimension [NAME] is not in the keyspace. It should not have a splitting configuration.  If you haven't specified queryOnly in a dataset config, or registered the algorithm with a dataset excluded from the keyspace, then there is probably a typo somewhere.
	at com.google.mr4c.hadoop.MR4CInputFormat.generatePartitions(MR4CInputFormat.java:159)
	at com.google.mr4c.hadoop.MR4CInputFormat.doGetSplits(MR4CInputFormat.java:122)
	at com.google.mr4c.hadoop.MR4CInputFormat.doGetSplits(MR4CInputFormat.java:89)
	at com.google.mr4c.hadoop.MR4CInputFormat.getSplits(MR4CInputFormat.java:75)
	at com.google.mr4c.hadoop.HadoopInputFormat.getSplits(HadoopInputFormat.java:41)
	at org.apache.hadoop.mapreduce.JobSubmitter.writeOldSplits(JobSubmitter.java:525)
	at org.apache.hadoop.mapreduce.JobSubmitter.writeSplits(JobSubmitter.java:517)
	at org.apache.hadoop.mapreduce.JobSubmitter.submitJobInternal(JobSubmitter.java:399)
	at org.apache.hadoop.mapreduce.Job$10.run(Job.java:1295)
	at org.apache.hadoop.mapreduce.Job$10.run(Job.java:1292)
	at java.security.AccessController.doPrivileged(Native Method)
	at javax.security.auth.Subject.doAs(Subject.java:415)
	at org.apache.hadoop.security.UserGroupInformation.doAs(UserGroupInformation.java:1614)
	at org.apache.hadoop.mapreduce.Job.submit(Job.java:1292)
	at org.apache.hadoop.mapred.JobClient$1.run(JobClient.java:564)
	at org.apache.hadoop.mapred.JobClient$1.run(JobClient.java:559)
	at java.security.AccessController.doPrivileged(Native Method)
	at javax.security.auth.Subject.doAs(Subject.java:415)
	at org.apache.hadoop.security.UserGroupInformation.doAs(UserGroupInformation.java:1614)
	at org.apache.hadoop.mapred.JobClient.submitJobInternal(JobClient.java:559)
	at org.apache.hadoop.mapred.JobClient.submitJob(JobClient.java:550)
	at com.google.mr4c.hadoop.HadoopAlgoRunner.submitJob(HadoopAlgoRunner.java:259)
	at com.google.mr4c.hadoop.HadoopAlgoRunner.execute(HadoopAlgoRunner.java:90)
	at com.google.mr4c.hadoop.LocalHadoopAlgoRunner.main(LocalHadoopAlgoRunner.java:40)
2015-07-21 15:53:40,198 INFO  mr4c.java.AlgoRunner: Begin writing logs datasets
2015-07-21 15:53:40,198 INFO  mr4c.java.AlgoRunner: End writing logs datasets
