#
# A fatal error has been detected by the Java Runtime Environment:
#
#  SIGSEGV (0xb) at pc=0x00007f7e55355a03, pid=4406, tid=140180579952384
#
# JRE version: OpenJDK Runtime Environment (7.0_75-b13) (build 1.7.0_75-b13)
# Java VM: OpenJDK 64-Bit Server VM (24.75-b04 mixed mode linux-amd64 compressed oops)
# Derivative: IcedTea 2.5.4
# Distribution: Ubuntu 14.04 LTS, package 7u75-2.5.4-1~trusty1
# Problematic frame:
# C  [libc.so.6+0x4ba03]  _IO_vfprintf+0x1d13
#
# Failed to write core dump. Core dumps have been disabled. To enable core dumping, try "ulimit -c unlimited" before starting Java again
#
# If you would like to submit a bug report, please include
# instructions on how to reproduce the bug and visit:
#   http://icedtea.classpath.org/bugzilla
# The crash happened outside the Java Virtual Machine in native code.
# See problematic frame for where to report the bug.
#

---------------  T H R E A D  ---------------

Current thread (0x00007f7e4c00d800):  JavaThread "main" [_thread_in_native, id=4407, stack(0x00007f7e559c2000,0x00007f7e55ac3000)]

siginfo:si_signo=SIGSEGV: si_errno=0, si_code=1 (SEGV_MAPERR), si_addr=0x0000000000000061

Registers:
RAX=0x0000000000000000, RBX=0x00007f7e556c9400, RCX=0xffffffffffffffff, RDX=0x0000000000000010
RSP=0x00007f7e55ac00d0, RBP=0x00007f7e55ac06b0, RSI=0x00007f7e3911f48c, RDI=0x0000000000000061
R8 =0x00007f7e4c87a9e0, R9 =0x00007f7e4c000078, R10=0x00007f7e55ac2700, R11=0x00007f7e5535e400
R12=0x00007f7e55358029, R13=0x0000000000000061, R14=0x00007f7e3911f48c, R15=0x00007f7e55ac06c8
RIP=0x00007f7e55355a03, EFLAGS=0x0000000000010286, CSGSFS=0x0000000000000033, ERR=0x0000000000000004
  TRAPNO=0x000000000000000e

Top of Stack: (sp=0x00007f7e55ac00d0)
0x00007f7e55ac00d0:   00007f7e4c00d800 00007f7e4c093340
0x00007f7e55ac00e0:   000000077a05f7c0 00000007d8151e68
0x00007f7e55ac00f0:   00007f7e55ac1430 00007f7e49012d6c
0x00007f7e55ac0100:   00007f7e55ac0230 00007f7e55ac02d0
0x00007f7e55ac0110:   00007f7e55ac0310 00007f7e55ac01e0
0x00007f7e55ac0120:   00007f7e55ac0320 00007f7e55ac0200
0x00007f7e55ac0130:   000000004c00e1e8 00007f7e00000000
0x00007f7e55ac0140:   0000000000000000 00007f7e00000000
0x00007f7e55ac0150:   00007f7e4c00e1e8 0000000000000000
0x00007f7e55ac0160:   00007f7e00000000 00007f7e00000000
0x00007f7e55ac0170:   00000000ffffffff 00007f7e00000000
0x00007f7e55ac0180:   0000000000000000 0000000000000000
0x00007f7e55ac0190:   0000000000000000 00007f7e0000000c
0x00007f7e55ac01a0:   ffffffffffffffff 00007f7e55ac0273
0x00007f7e55ac01b0:   00207f7e00000000 0000000000000000
0x00007f7e55ac01c0:   00007f7e54c699d0 00007f7e3911f48c
0x00007f7e55ac01d0:   0000000100000000 00007f7e00000000
0x00007f7e55ac01e0:   00007f7e3911f48d 00000000015374ad
0x00007f7e55ac01f0:   00007f7e4c00e1e8 00000007d815ef08
0x00007f7e55ac0200:   00007f7e4c00e1e0 00000007d8151e68
0x00007f7e55ac0210:   00000007d819c390 00007f7e55ac0718
0x00007f7e55ac0220:   00007f7e3a596778 00007f7e4c00d800
0x00007f7e55ac0230:   0000000000000003 00007f7e4c0101d8
0x00007f7e55ac0240:   00007f7e55ac02b0 00007f7e550101f8
0x00007f7e55ac0250:   0000003000000008 00007f7e55ac07a0
0x00007f7e55ac0260:   00007f7e55ac06e0 0000000800000002
0x00007f7e55ac0270:   00007f7e55367d80 00007f7e556c9400
0x00007f7e55ac0280:   00007f7e00000000 0000000000000000
0x00007f7e55ac0290:   0000000000000000 00007f7e4c706878
0x00007f7e55ac02a0:   00007f7e4c00d800 00007f7e4c00d800
0x00007f7e55ac02b0:   00007f7e55ac0440 00007f7e544cfef0
0x00007f7e55ac02c0:   00007f7e4c00d800 00007f7e5467b8b6 

Instructions: (pc=0x00007f7e55355a03)
0x00007f7e553559e3:   fa ff ff 29 f8 01 f9 48 98 49 39 c2 0f 86 90 ea
0x00007f7e553559f3:   ff ff e9 09 ee ff ff 31 c0 48 83 c9 ff 4c 89 ef
0x00007f7e55355a03:   f2 ae c7 85 f8 fa ff ff 00 00 00 00 48 89 ce 48
0x00007f7e55355a13:   f7 d6 4c 8d 56 ff e9 d4 fd ff ff 48 8d 85 80 fb 

Register to memory mapping:

RAX=0x0000000000000000 is an unknown value
RBX=0x00007f7e556c9400: _IO_2_1_stdout_+0 in /lib/x86_64-linux-gnu/libc.so.6 at 0x00007f7e5530a000
RCX=0xffffffffffffffff is an unknown value
RDX=0x0000000000000010 is an unknown value
RSP=0x00007f7e55ac00d0 is pointing into the stack for thread: 0x00007f7e4c00d800
RBP=0x00007f7e55ac06b0 is pointing into the stack for thread: 0x00007f7e4c00d800
RSI=0x00007f7e3911f48c: <offset 0x5148c> in /home/gpu/workspace/mr4c_programs/wordcount_map_host_gpu/lib/libChangeImage.so at 0x00007f7e390ce000
RDI=0x0000000000000061 is an unknown value
R8 =0x00007f7e4c87a9e0 is an unknown value
R9 =0x00007f7e4c000078 is an unknown value
R10=0x00007f7e55ac2700 is pointing into the stack for thread: 0x00007f7e4c00d800
R11=0x00007f7e5535e400: _IO_printf+0 in /lib/x86_64-linux-gnu/libc.so.6 at 0x00007f7e5530a000
R12=0x00007f7e55358029: _IO_vfprintf+0x4339 in /lib/x86_64-linux-gnu/libc.so.6 at 0x00007f7e5530a000
R13=0x0000000000000061 is an unknown value
R14=0x00007f7e3911f48c: <offset 0x5148c> in /home/gpu/workspace/mr4c_programs/wordcount_map_host_gpu/lib/libChangeImage.so at 0x00007f7e390ce000
R15=0x00007f7e55ac06c8 is pointing into the stack for thread: 0x00007f7e4c00d800


Stack: [0x00007f7e559c2000,0x00007f7e55ac3000],  sp=0x00007f7e55ac00d0,  free space=1016k
Native frames: (J=compiled Java code, j=interpreted, Vv=VM code, C=native code)
C  [libc.so.6+0x4ba03]  _IO_vfprintf+0x1d13
C  [libc.so.6+0x54499]  _IO_printf+0x99
C  [libmr4c.so+0x145965]  MR4C::AlgorithmRunnerImpl::executeAlgorithm(MR4C::AlgorithmData&, MR4C::AlgorithmContext&) const+0x15b
C  [libmr4c.so+0x145618]  MR4C::AlgorithmRunner::executeAlgorithm(MR4C::AlgorithmData&, MR4C::AlgorithmContext&) const+0x2e
C  [libmr4c.so+0x116a95]  MR4C::ExternalEntry::executeAlgorithm(char const*, MR4C::ExternalAlgorithmData*, MR4C::ExternalContext*)+0x14f
C  [libmr4c.so+0x11113c]  CExternalEntry_executeAlgorithm+0x3f
C  [libffi.so.6+0x5adc]  ffi_call_unix64+0x4c

Java frames: (J=compiled Java code, j=interpreted, Vv=VM code)
j  com.sun.jna.Native.invokeInt(JI[Ljava/lang/Object;)I+0
j  com.sun.jna.Function.invoke([Ljava/lang/Object;Ljava/lang/Class;Z)Ljava/lang/Object;+162
j  com.sun.jna.Function.invoke(Ljava/lang/Class;[Ljava/lang/Object;Ljava/util/Map;)Ljava/lang/Object;+214
j  com.sun.jna.Library$Handler.invoke(Ljava/lang/Object;Ljava/lang/reflect/Method;[Ljava/lang/Object;)Ljava/lang/Object;+341
j  com.sun.proxy.$Proxy0.CExternalEntry_executeAlgorithm(Ljava/lang/String;Lcom/google/mr4c/nativec/jna/lib/Mr4cLibrary$CExternalAlgorithmDataPtr;Lcom/google/mr4c/nativec/jna/lib/Mr4cLibrary$CExternalContextPtr;)B+24
j  com.google.mr4c.nativec.jna.JnaExternalEntry.executeAlgorithm(Ljava/lang/String;Lcom/google/mr4c/nativec/ExternalAlgorithmData;Lcom/google/mr4c/nativec/ExternalContext;)Z+12
j  com.google.mr4c.nativec.NativeAlgorithm.execute(Lcom/google/mr4c/algorithm/AlgorithmData;Lcom/google/mr4c/algorithm/AlgorithmContext;)V+54
j  com.google.mr4c.AlgoRunner.doExecuteAlgorithm(Lcom/google/mr4c/algorithm/AlgorithmContext;)V+36
j  com.google.mr4c.AlgoRunner.executeAlgorithm(Lcom/google/mr4c/algorithm/AlgorithmContext;)V+67
j  com.google.mr4c.AlgoRunner.executeStandalone()V+9
j  com.google.mr4c.AlgoRunner.main([Ljava/lang/String;)V+28
v  ~StubRoutines::call_stub

---------------  P R O C E S S  ---------------

Java Threads: ( => current thread )
  0x00007f7e4c0bb000 JavaThread "Service Thread" daemon [_thread_blocked, id=4422, stack(0x00007f7e4342c000,0x00007f7e4352d000)]
  0x00007f7e4c0b9000 JavaThread "C2 CompilerThread1" daemon [_thread_blocked, id=4421, stack(0x00007f7e4352d000,0x00007f7e4362e000)]
  0x00007f7e4c0b6000 JavaThread "C2 CompilerThread0" daemon [_thread_blocked, id=4420, stack(0x00007f7e4362e000,0x00007f7e4372f000)]
  0x00007f7e4c0b3800 JavaThread "Signal Dispatcher" daemon [_thread_blocked, id=4419, stack(0x00007f7e4372f000,0x00007f7e43830000)]
  0x00007f7e4c088000 JavaThread "Finalizer" daemon [_thread_blocked, id=4418, stack(0x00007f7e4806d000,0x00007f7e4816e000)]
  0x00007f7e4c086000 JavaThread "Reference Handler" daemon [_thread_blocked, id=4417, stack(0x00007f7e4816e000,0x00007f7e4826f000)]
=>0x00007f7e4c00d800 JavaThread "main" [_thread_in_native, id=4407, stack(0x00007f7e559c2000,0x00007f7e55ac3000)]

Other Threads:
  0x00007f7e4c081800 VMThread [stack: 0x00007f7e4826f000,0x00007f7e48370000] [id=4416]
  0x00007f7e4c0c6000 WatcherThread [stack: 0x00007f7e4332b000,0x00007f7e4342c000] [id=4423]

VM state:not at safepoint (normal execution)

VM Mutex/Monitor currently owned by a thread: None

Heap
 PSYoungGen      total 37376K, used 24674K [0x00000007d6a00000, 0x00000007d9380000, 0x0000000800000000)
  eden space 32256K, 76% used [0x00000007d6a00000,0x00000007d8218990,0x00000007d8980000)
  from space 5120K, 0% used [0x00000007d8e80000,0x00000007d8e80000,0x00000007d9380000)
  to   space 5120K, 0% used [0x00000007d8980000,0x00000007d8980000,0x00000007d8e80000)
 ParOldGen       total 84480K, used 0K [0x0000000783e00000, 0x0000000789080000, 0x00000007d6a00000)
  object space 84480K, 0% used [0x0000000783e00000,0x0000000783e00000,0x0000000789080000)
 PSPermGen       total 21504K, used 8918K [0x0000000779800000, 0x000000077ad00000, 0x0000000783e00000)
  object space 21504K, 41% used [0x0000000779800000,0x000000077a0b5b78,0x000000077ad00000)

Card table byte_map: [0x00007f7e521ea000,0x00007f7e5261f000] byte_map_base: 0x00007f7e4e61e000

Polling page: 0x00007f7e55afb000

Code Cache  [0x00007f7e49000000, 0x00007f7e49270000, 0x00007f7e4c000000)
 total_blobs=350 nmethods=86 adapters=217 free_code_cache=48558Kb largest_free_block=49703872

Compilation events (10 events):
Event: 1.127 Thread 0x00007f7e4c0b6000 nmethod 82 0x00007f7e490921d0 code [0x00007f7e49092320, 0x00007f7e490923c8]
Event: 1.127 Thread 0x00007f7e4c0b6000   83  s          java.io.ByteArrayOutputStream::write (32 bytes)
Event: 1.129 Thread 0x00007f7e4c0b6000 nmethod 83 0x00007f7e4908bd50 code [0x00007f7e4908bea0, 0x00007f7e4908c288]
Event: 1.129 Thread 0x00007f7e4c0b6000   84             java.io.DataOutputStream::incCount (20 bytes)
Event: 1.129 Thread 0x00007f7e4c0b6000 nmethod 84 0x00007f7e4908bad0 code [0x00007f7e4908bc00, 0x00007f7e4908bc78]
Event: 1.136 Thread 0x00007f7e4c0b9000 nmethod 81 0x00007f7e49093550 code [0x00007f7e49093700, 0x00007f7e49094428]
Event: 1.172 Thread 0x00007f7e4c0b6000   85             java.lang.reflect.Method::getName (5 bytes)
Event: 1.172 Thread 0x00007f7e4c0b6000 nmethod 85 0x00007f7e49093150 code [0x00007f7e49093280, 0x00007f7e490932f8]
Event: 1.173 Thread 0x00007f7e4c0b9000   86             sun.nio.cs.UTF_8$Encoder::encodeArrayLoop (489 bytes)
Event: 1.180 Thread 0x00007f7e4c0b9000 nmethod 86 0x00007f7e49098290 code [0x00007f7e49098480, 0x00007f7e49098cc0]

GC Heap History (0 events):
No events

Deoptimization events (10 events):
Event: 1.078 Thread 0x00007f7e4c00d800 Uncommon trap: reason=class_check action=maybe_recompile pc=0x00007f7e4907f9ac method=java.util.zip.InflaterInputStream.read([BII)I @ 100
Event: 1.078 Thread 0x00007f7e4c00d800 Uncommon trap: reason=class_check action=maybe_recompile pc=0x00007f7e4907f9ac method=java.util.zip.InflaterInputStream.read([BII)I @ 100
Event: 1.079 Thread 0x00007f7e4c00d800 Uncommon trap: reason=class_check action=maybe_recompile pc=0x00007f7e4907f9ac method=java.util.zip.InflaterInputStream.read([BII)I @ 100
Event: 1.079 Thread 0x00007f7e4c00d800 Uncommon trap: reason=class_check action=maybe_recompile pc=0x00007f7e4907f9ac method=java.util.zip.InflaterInputStream.read([BII)I @ 100
Event: 1.083 Thread 0x00007f7e4c00d800 Uncommon trap: reason=unreached action=reinterpret pc=0x00007f7e49071f38 method=java.util.zip.ZipCoder.encoder()Ljava/nio/charset/CharsetEncoder; @ 4
Event: 1.093 Thread 0x00007f7e4c00d800 Uncommon trap: reason=class_check action=maybe_recompile pc=0x00007f7e49081490 method=java.io.FilterInputStream.read([BII)I @ 7
Event: 1.093 Thread 0x00007f7e4c00d800 Uncommon trap: reason=class_check action=maybe_recompile pc=0x00007f7e49081490 method=java.io.FilterInputStream.read([BII)I @ 7
Event: 1.093 Thread 0x00007f7e4c00d800 Uncommon trap: reason=class_check action=maybe_recompile pc=0x00007f7e49081490 method=java.io.FilterInputStream.read([BII)I @ 7
Event: 1.093 Thread 0x00007f7e4c00d800 Uncommon trap: reason=class_check action=maybe_recompile pc=0x00007f7e49081490 method=java.io.FilterInputStream.read([BII)I @ 7
Event: 1.166 Thread 0x00007f7e4c00d800 Uncommon trap: reason=unreached action=reinterpret pc=0x00007f7e490942f0 method=java.io.DataOutputStream.writeUTF(Ljava/lang/String;Ljava/io/DataOutput;)I @ 128

Internal exceptions (10 events):
Event: 1.173 Thread 0x00007f7e4c00d800 Threw 0x00000007d817c180 at /build/buildd/openjdk-7-7u75-2.5.4/build/openjdk/hotspot/src/share/vm/prims/jvm.cpp:1284
Event: 1.173 Thread 0x00007f7e4c00d800 Threw 0x00000007d8183468 at /build/buildd/openjdk-7-7u75-2.5.4/build/openjdk/hotspot/src/share/vm/prims/jvm.cpp:1284
Event: 1.173 Thread 0x00007f7e4c00d800 Threw 0x00000007d8186bf8 at /build/buildd/openjdk-7-7u75-2.5.4/build/openjdk/hotspot/src/share/vm/prims/jvm.cpp:1284
Event: 1.174 Thread 0x00007f7e4c00d800 Threw 0x00000007d8189ed0 at /build/buildd/openjdk-7-7u75-2.5.4/build/openjdk/hotspot/src/share/vm/prims/jvm.cpp:1284
Event: 1.174 Thread 0x00007f7e4c00d800 Threw 0x00000007d818d160 at /build/buildd/openjdk-7-7u75-2.5.4/build/openjdk/hotspot/src/share/vm/prims/jvm.cpp:1284
Event: 1.176 Thread 0x00007f7e4c00d800 Threw 0x00000007d8193560 at /build/buildd/openjdk-7-7u75-2.5.4/build/openjdk/hotspot/src/share/vm/prims/jni.cpp:747
Event: 1.176 Thread 0x00007f7e4c00d800 Threw 0x00000007d8193ee0 at /build/buildd/openjdk-7-7u75-2.5.4/build/openjdk/hotspot/src/share/vm/prims/jni.cpp:747
Event: 1.176 Thread 0x00007f7e4c00d800 Threw 0x00000007d819a100 at /build/buildd/openjdk-7-7u75-2.5.4/build/openjdk/hotspot/src/share/vm/prims/jni.cpp:747
Event: 1.176 Thread 0x00007f7e4c00d800 Threw 0x00000007d819ab68 at /build/buildd/openjdk-7-7u75-2.5.4/build/openjdk/hotspot/src/share/vm/prims/jni.cpp:747
Event: 1.180 Thread 0x00007f7e4c00d800 Threw 0x00000007d81a1e68 at /build/buildd/openjdk-7-7u75-2.5.4/build/openjdk/hotspot/src/share/vm/prims/jvm.cpp:1284

Events (10 events):
Event: 1.180 loading class 0x00007f7e4c852010
Event: 1.180 loading class 0x00007f7e4c852010 done
Event: 1.180 loading class 0x00007f7df408aeb0
Event: 1.180 loading class 0x00007f7e51258620
Event: 1.180 loading class 0x00007f7e51258620 done
Event: 1.180 loading class 0x00007f7df408aeb0 done
Event: 1.180 loading class 0x00007f7df408bdc0
Event: 1.180 loading class 0x00007f7df408bdc0 done
Event: 1.181 loading class 0x00007f7df408a410
Event: 1.181 loading class 0x00007f7df408a410 done


Dynamic libraries:
00400000-00401000 r-xp 00000000 08:11 10093843                           /usr/lib/jvm/java-7-openjdk-amd64/jre/bin/java
00600000-00601000 r--p 00000000 08:11 10093843                           /usr/lib/jvm/java-7-openjdk-amd64/jre/bin/java
00601000-00602000 rw-p 00001000 08:11 10093843                           /usr/lib/jvm/java-7-openjdk-amd64/jre/bin/java
01524000-01545000 rw-p 00000000 00:00 0                                  [heap]
779800000-77ad00000 rw-p 00000000 00:00 0 
77ad00000-783e00000 rw-p 00000000 00:00 0 
783e00000-789080000 rw-p 00000000 00:00 0 
789080000-7d6a00000 rw-p 00000000 00:00 0 
7d6a00000-7d9380000 rw-p 00000000 00:00 0 
7d9380000-800000000 rw-p 00000000 00:00 0 
7f7de8000000-7f7de8021000 rw-p 00000000 00:00 0 
7f7de8021000-7f7dec000000 ---p 00000000 00:00 0 
7f7dec000000-7f7dec021000 rw-p 00000000 00:00 0 
7f7dec021000-7f7df0000000 ---p 00000000 00:00 0 
7f7df0000000-7f7df02b0000 rw-p 00000000 00:00 0 
7f7df02b0000-7f7df4000000 ---p 00000000 00:00 0 
7f7df4000000-7f7df4248000 rw-p 00000000 00:00 0 
7f7df4248000-7f7df8000000 ---p 00000000 00:00 0 
7f7df8000000-7f7df8021000 rw-p 00000000 00:00 0 
7f7df8021000-7f7dfc000000 ---p 00000000 00:00 0 
7f7dfc000000-7f7dfc021000 rw-p 00000000 00:00 0 
7f7dfc021000-7f7e00000000 ---p 00000000 00:00 0 
7f7e00000000-7f7e00021000 rw-p 00000000 00:00 0 
7f7e00021000-7f7e04000000 ---p 00000000 00:00 0 
7f7e07cc0000-7f7e0c000000 rw-p 00000000 00:00 0 
7f7e0c000000-7f7e0c021000 rw-p 00000000 00:00 0 
7f7e0c021000-7f7e10000000 ---p 00000000 00:00 0 
7f7e10000000-7f7e10021000 rw-p 00000000 00:00 0 
7f7e10021000-7f7e14000000 ---p 00000000 00:00 0 
7f7e14000000-7f7e14021000 rw-p 00000000 00:00 0 
7f7e14021000-7f7e18000000 ---p 00000000 00:00 0 
7f7e1c000000-7f7e1c021000 rw-p 00000000 00:00 0 
7f7e1c021000-7f7e20000000 ---p 00000000 00:00 0 
7f7e24000000-7f7e24021000 rw-p 00000000 00:00 0 
7f7e24021000-7f7e28000000 ---p 00000000 00:00 0 
7f7e2c000000-7f7e2c021000 rw-p 00000000 00:00 0 
7f7e2c021000-7f7e30000000 ---p 00000000 00:00 0 
7f7e34000000-7f7e34021000 rw-p 00000000 00:00 0 
7f7e34021000-7f7e38000000 ---p 00000000 00:00 0 
7f7e390ce000-7f7e39132000 r-xp 00000000 08:11 655459                     /home/gpu/workspace/mr4c_programs/wordcount_map_host_gpu/lib/libChangeImage.so
7f7e39132000-7f7e39331000 ---p 00064000 08:11 655459                     /home/gpu/workspace/mr4c_programs/wordcount_map_host_gpu/lib/libChangeImage.so
7f7e39331000-7f7e39334000 r--p 00063000 08:11 655459                     /home/gpu/workspace/mr4c_programs/wordcount_map_host_gpu/lib/libChangeImage.so
7f7e39334000-7f7e39335000 rw-p 00066000 08:11 655459                     /home/gpu/workspace/mr4c_programs/wordcount_map_host_gpu/lib/libChangeImage.so
7f7e39335000-7f7e39336000 rw-p 00000000 00:00 0 
7f7e39336000-7f7e3933a000 r-xp 00000000 08:11 1314674                    /lib/x86_64-linux-gnu/libuuid.so.1.3.0
7f7e3933a000-7f7e39539000 ---p 00004000 08:11 1314674                    /lib/x86_64-linux-gnu/libuuid.so.1.3.0
7f7e39539000-7f7e3953a000 r--p 00003000 08:11 1314674                    /lib/x86_64-linux-gnu/libuuid.so.1.3.0
7f7e3953a000-7f7e3953b000 rw-p 00004000 08:11 1314674                    /lib/x86_64-linux-gnu/libuuid.so.1.3.0
7f7e3953b000-7f7e39544000 r-xp 00000000 08:11 1310811                    /lib/x86_64-linux-gnu/libcrypt-2.19.so
7f7e39544000-7f7e39744000 ---p 00009000 08:11 1310811                    /lib/x86_64-linux-gnu/libcrypt-2.19.so
7f7e39744000-7f7e39745000 r--p 00009000 08:11 1310811                    /lib/x86_64-linux-gnu/libcrypt-2.19.so
7f7e39745000-7f7e39746000 rw-p 0000a000 08:11 1310811                    /lib/x86_64-linux-gnu/libcrypt-2.19.so
7f7e39746000-7f7e39774000 rw-p 00000000 00:00 0 
7f7e39774000-7f7e397a4000 r-xp 00000000 08:11 8924012                    /usr/lib/x86_64-linux-gnu/libapr-1.so.0.5.1
7f7e397a4000-7f7e399a3000 ---p 00030000 08:11 8924012                    /usr/lib/x86_64-linux-gnu/libapr-1.so.0.5.1
7f7e399a3000-7f7e399a4000 r--p 0002f000 08:11 8924012                    /usr/lib/x86_64-linux-gnu/libapr-1.so.0.5.1
7f7e399a4000-7f7e399a5000 rw-p 00030000 08:11 8924012                    /usr/lib/x86_64-linux-gnu/libapr-1.so.0.5.1
7f7e399a5000-7f7e399cb000 r-xp 00000000 08:11 8924017                    /usr/lib/x86_64-linux-gnu/libaprutil-1.so.0.5.3
7f7e399cb000-7f7e39bca000 ---p 00026000 08:11 8924017                    /usr/lib/x86_64-linux-gnu/libaprutil-1.so.0.5.3
7f7e39bca000-7f7e39bcb000 r--p 00025000 08:11 8924017                    /usr/lib/x86_64-linux-gnu/libaprutil-1.so.0.5.3
7f7e39bcb000-7f7e39bcc000 rw-p 00026000 08:11 8924017                    /usr/lib/x86_64-linux-gnu/libaprutil-1.so.0.5.3
7f7e39bcc000-7f7e39bd6000 r-xp 00000000 08:11 8924336                    /usr/lib/x86_64-linux-gnu/libjansson.so.4.5.0
7f7e39bd6000-7f7e39dd6000 ---p 0000a000 08:11 8924336                    /usr/lib/x86_64-linux-gnu/libjansson.so.4.5.0
7f7e39dd6000-7f7e39dd7000 r--p 0000a000 08:11 8924336                    /usr/lib/x86_64-linux-gnu/libjansson.so.4.5.0
7f7e39dd7000-7f7e39dd8000 rw-p 0000b000 08:11 8924336                    /usr/lib/x86_64-linux-gnu/libjansson.so.4.5.0
7f7e39dd8000-7f7e39f92000 r-xp 00000000 08:11 8924131                    /usr/lib/liblog4cxx.so.10.0.0
7f7e39f92000-7f7e3a191000 ---p 001ba000 08:11 8924131                    /usr/lib/liblog4cxx.so.10.0.0
7f7e3a191000-7f7e3a1bb000 r--p 001b9000 08:11 8924131                    /usr/lib/liblog4cxx.so.10.0.0
7f7e3a1bb000-7f7e3a1be000 rw-p 001e3000 08:11 8924131                    /usr/lib/liblog4cxx.so.10.0.0
7f7e3a1be000-7f7e3a1c0000 rw-p 00000000 00:00 0 
7f7e3a1c0000-7f7e3a388000 r-xp 00000000 08:11 9054236                    /usr/local/mr4c/native/dist/libmr4c.so
7f7e3a388000-7f7e3a588000 ---p 001c8000 08:11 9054236                    /usr/local/mr4c/native/dist/libmr4c.so
7f7e3a588000-7f7e3a58a000 r--p 001c8000 08:11 9054236                    /usr/local/mr4c/native/dist/libmr4c.so
7f7e3a58a000-7f7e3a595000 rw-p 001ca000 08:11 9054236                    /usr/local/mr4c/native/dist/libmr4c.so
7f7e3a595000-7f7e3a5ac000 r-xp 00000000 08:11 1577995                    /tmp/jna/jna726959611092773420.tmp (deleted)
7f7e3a5ac000-7f7e3a7ab000 ---p 00017000 08:11 1577995                    /tmp/jna/jna726959611092773420.tmp (deleted)
7f7e3a7ab000-7f7e3a7ac000 r--p 00016000 08:11 1577995                    /tmp/jna/jna726959611092773420.tmp (deleted)
7f7e3a7ac000-7f7e3a7ad000 rw-p 00017000 08:11 1577995                    /tmp/jna/jna726959611092773420.tmp (deleted)
7f7e3a7ad000-7f7e3a7b1000 r-xp 00000000 08:11 1314724                    /lib/x86_64-linux-gnu/libgpg-error.so.0.10.0
7f7e3a7b1000-7f7e3a9b0000 ---p 00004000 08:11 1314724                    /lib/x86_64-linux-gnu/libgpg-error.so.0.10.0
7f7e3a9b0000-7f7e3a9b1000 r--p 00003000 08:11 1314724                    /lib/x86_64-linux-gnu/libgpg-error.so.0.10.0
7f7e3a9b1000-7f7e3a9b2000 rw-p 00004000 08:11 1314724                    /lib/x86_64-linux-gnu/libgpg-error.so.0.10.0
7f7e3a9b2000-7f7e3a9b4000 r-xp 00000000 08:11 1314734                    /lib/x86_64-linux-gnu/libkeyutils.so.1.4
7f7e3a9b4000-7f7e3abb4000 ---p 00002000 08:11 1314734                    /lib/x86_64-linux-gnu/libkeyutils.so.1.4
7f7e3abb4000-7f7e3abb5000 r--p 00002000 08:11 1314734                    /lib/x86_64-linux-gnu/libkeyutils.so.1.4
7f7e3abb5000-7f7e3abb6000 rw-p 00003000 08:11 1314734                    /lib/x86_64-linux-gnu/libkeyutils.so.1.4
7f7e3abb6000-7f7e3abdb000 r-xp 00000000 08:11 1314806                    /lib/x86_64-linux-gnu/libpng12.so.0.50.0
7f7e3abdb000-7f7e3adda000 ---p 00025000 08:11 1314806                    /lib/x86_64-linux-gnu/libpng12.so.0.50.0
7f7e3adda000-7f7e3addb000 r--p 00024000 08:11 1314806                    /lib/x86_64-linux-gnu/libpng12.so.0.50.0
7f7e3addb000-7f7e3addc000 rw-p 00025000 08:11 1314806                    /lib/x86_64-linux-gnu/libpng12.so.0.50.0
7f7e3addc000-7f7e3ae20000 r-xp 00000000 08:11 1314743                    /lib/x86_64-linux-gnu/libdbus-1.so.3.7.6
7f7e3ae20000-7f7e3b01f000 ---p 00044000 08:11 1314743                    /lib/x86_64-linux-gnu/libdbus-1.so.3.7.6
7f7e3b01f000-7f7e3b020000 r--p 00043000 08:11 1314743                    /lib/x86_64-linux-gnu/libdbus-1.so.3.7.6
7f7e3b020000-7f7e3b021000 rw-p 00044000 08:11 1314743                    /lib/x86_64-linux-gnu/libdbus-1.so.3.7.6
7f7e3b021000-7f7e3b05c000 r-xp 00000000 08:11 8921341                    /usr/lib/x86_64-linux-gnu/libp11-kit.so.0.0.0
7f7e3b05c000-7f7e3b25b000 ---p 0003b000 08:11 8921341                    /usr/lib/x86_64-linux-gnu/libp11-kit.so.0.0.0
7f7e3b25b000-7f7e3b261000 r--p 0003a000 08:11 8921341                    /usr/lib/x86_64-linux-gnu/libp11-kit.so.0.0.0
7f7e3b261000-7f7e3b263000 rw-p 00040000 08:11 8921341                    /usr/lib/x86_64-linux-gnu/libp11-kit.so.0.0.0
7f7e3b263000-7f7e3b275000 r-xp 00000000 08:11 8923925                    /usr/lib/x86_64-linux-gnu/libtasn1.so.6.2.0
7f7e3b275000-7f7e3b475000 ---p 00012000 08:11 8923925                    /usr/lib/x86_64-linux-gnu/libtasn1.so.6.2.0
7f7e3b475000-7f7e3b476000 r--p 00012000 08:11 8923925                    /usr/lib/x86_64-linux-gnu/libtasn1.so.6.2.0
7f7e3b476000-7f7e3b477000 rw-p 00013000 08:11 8923925                    /usr/lib/x86_64-linux-gnu/libtasn1.so.6.2.0
7f7e3b477000-7f7e3b4f3000 r-xp 00000000 08:11 1311312                    /lib/x86_64-linux-gnu/libgcrypt.so.11.8.2
7f7e3b4f3000-7f7e3b6f3000 ---p 0007c000 08:11 1311312                    /lib/x86_64-linux-gnu/libgcrypt.so.11.8.2
7f7e3b6f3000-7f7e3b6f4000 r--p 0007c000 08:11 1311312                    /lib/x86_64-linux-gnu/libgcrypt.so.11.8.2
7f7e3b6f4000-7f7e3b6f7000 rw-p 0007d000 08:11 1311312                    /lib/x86_64-linux-gnu/libgcrypt.so.11.8.2
7f7e3b6f7000-7f7e3b701000 r-xp 00000000 08:11 8914981                    /usr/lib/x86_64-linux-gnu/libkrb5support.so.0.1
7f7e3b701000-7f7e3b900000 ---p 0000a000 08:11 8914981                    /usr/lib/x86_64-linux-gnu/libkrb5support.so.0.1
7f7e3b900000-7f7e3b901000 r--p 00009000 08:11 8914981                    /usr/lib/x86_64-linux-gnu/libkrb5support.so.0.1
7f7e3b901000-7f7e3b902000 rw-p 0000a000 08:11 8914981                    /usr/lib/x86_64-linux-gnu/libkrb5support.so.0.1
7f7e3b902000-7f7e3b905000 r-xp 00000000 08:11 1314682                    /lib/x86_64-linux-gnu/libcom_err.so.2.1
7f7e3b905000-7f7e3bb04000 ---p 00003000 08:11 1314682                    /lib/x86_64-linux-gnu/libcom_err.so.2.1
7f7e3bb04000-7f7e3bb05000 r--p 00002000 08:11 1314682                    /lib/x86_64-linux-gnu/libcom_err.so.2.1
7f7e3bb05000-7f7e3bb06000 rw-p 00003000 08:11 1314682                    /lib/x86_64-linux-gnu/libcom_err.so.2.1
7f7e3bb06000-7f7e3bb32000 r-xp 00000000 08:11 8914975                    /usr/lib/x86_64-linux-gnu/libk5crypto.so.3.1
7f7e3bb32000-7f7e3bd31000 ---p 0002c000 08:11 8914975                    /usr/lib/x86_64-linux-gnu/libk5crypto.so.3.1
7f7e3bd31000-7f7e3bd33000 r--p 0002b000 08:11 8914975                    /usr/lib/x86_64-linux-gnu/libk5crypto.so.3.1
7f7e3bd33000-7f7e3bd34000 rw-p 0002d000 08:11 8914975                    /usr/lib/x86_64-linux-gnu/libk5crypto.so.3.1
7f7e3bd34000-7f7e3bd35000 rw-p 00000000 00:00 0 
7f7e3bd35000-7f7e3bdf1000 r-xp 00000000 08:11 8914979                    /usr/lib/x86_64-linux-gnu/libkrb5.so.3.3
7f7e3bdf1000-7f7e3bff1000 ---p 000bc000 08:11 8914979                    /usr/lib/x86_64-linux-gnu/libkrb5.so.3.3
7f7e3bff1000-7f7e3bffe000 r--p 000bc000 08:11 8914979                    /usr/lib/x86_64-linux-gnu/libkrb5.so.3.3
7f7e3bffe000-7f7e3c000000 rw-p 000c9000 08:11 8914979                    /usr/lib/x86_64-linux-gnu/libkrb5.so.3.3
7f7e3c000000-7f7e3c021000 rw-p 00000000 00:00 0 
7f7e3c021000-7f7e40000000 ---p 00000000 00:00 0 
7f7e40064000-7f7e4008b000 r-xp 00000000 08:11 1314713                    /lib/x86_64-linux-gnu/libexpat.so.1.6.0
7f7e4008b000-7f7e4028b000 ---p 00027000 08:11 1314713                    /lib/x86_64-linux-gnu/libexpat.so.1.6.0
7f7e4028b000-7f7e4028d000 r--p 00027000 08:11 1314713                    /lib/x86_64-linux-gnu/libexpat.so.1.6.0
7f7e4028d000-7f7e4028e000 rw-p 00029000 08:11 1314713                    /lib/x86_64-linux-gnu/libexpat.so.1.6.0
7f7e4028e000-7f7e4032b000 r-xp 00000000 08:11 8914969                    /usr/lib/x86_64-linux-gnu/libfreetype.so.6.11.1
7f7e4032b000-7f7e4052a000 ---p 0009d000 08:11 8914969                    /usr/lib/x86_64-linux-gnu/libfreetype.so.6.11.1
7f7e4052a000-7f7e40530000 r--p 0009c000 08:11 8914969                    /usr/lib/x86_64-linux-gnu/libfreetype.so.6.11.1
7f7e40530000-7f7e40531000 rw-p 000a2000 08:11 8914969                    /usr/lib/x86_64-linux-gnu/libfreetype.so.6.11.1
7f7e40531000-7f7e40540000 r-xp 00000000 08:11 8920718                    /usr/lib/x86_64-linux-gnu/libavahi-client.so.3.2.9
7f7e40540000-7f7e40740000 ---p 0000f000 08:11 8920718                    /usr/lib/x86_64-linux-gnu/libavahi-client.so.3.2.9
7f7e40740000-7f7e40741000 r--p 0000f000 08:11 8920718                    /usr/lib/x86_64-linux-gnu/libavahi-client.so.3.2.9
7f7e40741000-7f7e40742000 rw-p 00010000 08:11 8920718                    /usr/lib/x86_64-linux-gnu/libavahi-client.so.3.2.9
7f7e40742000-7f7e4074d000 r-xp 00000000 08:11 8920720                    /usr/lib/x86_64-linux-gnu/libavahi-common.so.3.5.3
7f7e4074d000-7f7e4094c000 ---p 0000b000 08:11 8920720                    /usr/lib/x86_64-linux-gnu/libavahi-common.so.3.5.3
7f7e4094c000-7f7e4094d000 r--p 0000a000 08:11 8920720                    /usr/lib/x86_64-linux-gnu/libavahi-common.so.3.5.3
7f7e4094d000-7f7e4094e000 rw-p 0000b000 08:11 8920720                    /usr/lib/x86_64-linux-gnu/libavahi-common.so.3.5.3
7f7e4094e000-7f7e40a04000 r-xp 00000000 08:11 8921018                    /usr/lib/x86_64-linux-gnu/libgnutls.so.26.22.6
7f7e40a04000-7f7e40c04000 ---p 000b6000 08:11 8921018                    /usr/lib/x86_64-linux-gnu/libgnutls.so.26.22.6
7f7e40c04000-7f7e40c0a000 r--p 000b6000 08:11 8921018                    /usr/lib/x86_64-linux-gnu/libgnutls.so.26.22.6
7f7e40c0a000-7f7e40c0b000 rw-p 000bc000 08:11 8921018                    /usr/lib/x86_64-linux-gnu/libgnutls.so.26.22.6
7f7e40c0b000-7f7e40c0c000 rw-p 00000000 00:00 0 
7f7e40c0c000-7f7e40c4f000 r-xp 00000000 08:11 8914977                    /usr/lib/x86_64-linux-gnu/libgssapi_krb5.so.2.2
7f7e40c4f000-7f7e40e4f000 ---p 00043000 08:11 8914977                    /usr/lib/x86_64-linux-gnu/libgssapi_krb5.so.2.2
7f7e40e4f000-7f7e40e50000 r--p 00043000 08:11 8914977                    /usr/lib/x86_64-linux-gnu/libgssapi_krb5.so.2.2
7f7e40e50000-7f7e40e52000 rw-p 00044000 08:11 8914977                    /usr/lib/x86_64-linux-gnu/libgssapi_krb5.so.2.2
7f7e40e52000-7f7e40e8c000 r-xp 00000000 08:11 8920906                    /usr/lib/x86_64-linux-gnu/libfontconfig.so.1.8.0
7f7e40e8c000-7f7e4108b000 ---p 0003a000 08:11 8920906                    /usr/lib/x86_64-linux-gnu/libfontconfig.so.1.8.0
7f7e4108b000-7f7e4108d000 r--p 00039000 08:11 8920906                    /usr/lib/x86_64-linux-gnu/libfontconfig.so.1.8.0
7f7e4108d000-7f7e4108e000 rw-p 0003b000 08:11 8920906                    /usr/lib/x86_64-linux-gnu/libfontconfig.so.1.8.0
7f7e4108e000-7f7e410fa000 r-xp 00000000 08:11 8913018                    /usr/lib/x86_64-linux-gnu/libcups.so.2
7f7e410fa000-7f7e412fa000 ---p 0006c000 08:11 8913018                    /usr/lib/x86_64-linux-gnu/libcups.so.2
7f7e412fa000-7f7e41301000 r--p 0006c000 08:11 8913018                    /usr/lib/x86_64-linux-gnu/libcups.so.2
7f7e41301000-7f7e41302000 rw-p 00073000 08:11 8913018                    /usr/lib/x86_64-linux-gnu/libcups.so.2
7f7e41302000-7f7e41308000 r-xp 00000000 08:11 9964756                    /usr/lib/jvm/java-7-openjdk-amd64/jre/lib/amd64/headless/libmawt.so
7f7e41308000-7f7e41508000 ---p 00006000 08:11 9964756                    /usr/lib/jvm/java-7-openjdk-amd64/jre/lib/amd64/headless/libmawt.so
7f7e41508000-7f7e41509000 r--p 00006000 08:11 9964756                    /usr/lib/jvm/java-7-openjdk-amd64/jre/lib/amd64/headless/libmawt.so
7f7e41509000-7f7e4150a000 rw-p 00007000 08:11 9964756                    /usr/lib/jvm/java-7-openjdk-amd64/jre/lib/amd64/headless/libmawt.so
7f7e4150a000-7f7e415aa000 r-xp 00000000 08:11 9833552                    /usr/lib/jvm/java-7-openjdk-amd64/jre/lib/amd64/libawt.so
7f7e415aa000-7f7e417aa000 ---p 000a0000 08:11 9833552                    /usr/lib/jvm/java-7-openjdk-amd64/jre/lib/amd64/libawt.so
7f7e417aa000-7f7e417ab000 r--p 000a0000 08:11 9833552                    /usr/lib/jvm/java-7-openjdk-amd64/jre/lib/amd64/libawt.so
7f7e417ab000-7f7e417b6000 rw-p 000a1000 08:11 9833552                    /usr/lib/jvm/java-7-openjdk-amd64/jre/lib/amd64/libawt.so
7f7e417b6000-7f7e4180c000 rw-p 00000000 00:00 0 
7f7e4180c000-7f7e41849000 r-xp 00000000 08:11 1314794                    /lib/x86_64-linux-gnu/libpcre.so.3.13.1
7f7e41849000-7f7e41a48000 ---p 0003d000 08:11 1314794                    /lib/x86_64-linux-gnu/libpcre.so.3.13.1
7f7e41a48000-7f7e41a49000 r--p 0003c000 08:11 1314794                    /lib/x86_64-linux-gnu/libpcre.so.3.13.1
7f7e41a49000-7f7e41a4a000 rw-p 0003d000 08:11 1314794                    /lib/x86_64-linux-gnu/libpcre.so.3.13.1
7f7e41a4a000-7f7e41a51000 r-xp 00000000 08:11 8920892                    /usr/lib/x86_64-linux-gnu/libffi.so.6.0.1
7f7e41a51000-7f7e41c50000 ---p 00007000 08:11 8920892                    /usr/lib/x86_64-linux-gnu/libffi.so.6.0.1
7f7e41c50000-7f7e41c51000 r--p 00006000 08:11 8920892                    /usr/lib/x86_64-linux-gnu/libffi.so.6.0.1
7f7e41c51000-7f7e41c52000 rw-p 00007000 08:11 8920892                    /usr/lib/x86_64-linux-gnu/libffi.so.6.0.1
7f7e41c52000-7f7e41c69000 r-xp 00000000 08:11 1310725                    /lib/x86_64-linux-gnu/libresolv-2.19.so
7f7e41c69000-7f7e41e69000 ---p 00017000 08:11 1310725                    /lib/x86_64-linux-gnu/libresolv-2.19.so
7f7e41e69000-7f7e41e6a000 r--p 00017000 08:11 1310725                    /lib/x86_64-linux-gnu/libresolv-2.19.so
7f7e41e6a000-7f7e41e6b000 rw-p 00018000 08:11 1310725                    /lib/x86_64-linux-gnu/libresolv-2.19.so
7f7e41e6b000-7f7e41e6d000 rw-p 00000000 00:00 0 
7f7e41e6d000-7f7e41e8d000 r-xp 00000000 08:11 1314821                    /lib/x86_64-linux-gnu/libselinux.so.1
7f7e41e8d000-7f7e4208c000 ---p 00020000 08:11 1314821                    /lib/x86_64-linux-gnu/libselinux.so.1
7f7e4208c000-7f7e4208d000 r--p 0001f000 08:11 1314821                    /lib/x86_64-linux-gnu/libselinux.so.1
7f7e4208d000-7f7e4208e000 rw-p 00020000 08:11 1314821                    /lib/x86_64-linux-gnu/libselinux.so.1
7f7e4208e000-7f7e42090000 rw-p 00000000 00:00 0 
7f7e42090000-7f7e42093000 r-xp 00000000 08:11 8913260                    /usr/lib/x86_64-linux-gnu/libgmodule-2.0.so.0.4002.0
7f7e42093000-7f7e42292000 ---p 00003000 08:11 8913260                    /usr/lib/x86_64-linux-gnu/libgmodule-2.0.so.0.4002.0
7f7e42292000-7f7e42293000 r--p 00002000 08:11 8913260                    /usr/lib/x86_64-linux-gnu/libgmodule-2.0.so.0.4002.0
7f7e42293000-7f7e42294000 rw-p 00003000 08:11 8913260                    /usr/lib/x86_64-linux-gnu/libgmodule-2.0.so.0.4002.0
7f7e42294000-7f7e4239a000 r-xp 00000000 08:11 1314624                    /lib/x86_64-linux-gnu/libglib-2.0.so.0.4002.0
7f7e4239a000-7f7e42599000 ---p 00106000 08:11 1314624                    /lib/x86_64-linux-gnu/libglib-2.0.so.0.4002.0
7f7e42599000-7f7e4259a000 r--p 00105000 08:11 1314624                    /lib/x86_64-linux-gnu/libglib-2.0.so.0.4002.0
7f7e4259a000-7f7e4259b000 rw-p 00106000 08:11 1314624                    /lib/x86_64-linux-gnu/libglib-2.0.so.0.4002.0
7f7e4259b000-7f7e4259c000 rw-p 00000000 00:00 0 
7f7e4259c000-7f7e425eb000 r-xp 00000000 08:11 8913278                    /usr/lib/x86_64-linux-gnu/libgobject-2.0.so.0.4002.0
7f7e425eb000-7f7e427eb000 ---p 0004f000 08:11 8913278                    /usr/lib/x86_64-linux-gnu/libgobject-2.0.so.0.4002.0
7f7e427eb000-7f7e427ec000 r--p 0004f000 08:11 8913278                    /usr/lib/x86_64-linux-gnu/libgobject-2.0.so.0.4002.0
7f7e427ec000-7f7e427ed000 rw-p 00050000 08:11 8913278                    /usr/lib/x86_64-linux-gnu/libgobject-2.0.so.0.4002.0
7f7e427ed000-7f7e42959000 r-xp 00000000 08:11 8913282                    /usr/lib/x86_64-linux-gnu/libgio-2.0.so.0.4002.0
7f7e42959000-7f7e42b58000 ---p 0016c000 08:11 8913282                    /usr/lib/x86_64-linux-gnu/libgio-2.0.so.0.4002.0
7f7e42b58000-7f7e42b5c000 r--p 0016b000 08:11 8913282                    /usr/lib/x86_64-linux-gnu/libgio-2.0.so.0.4002.0
7f7e42b5c000-7f7e42b5e000 rw-p 0016f000 08:11 8913282                    /usr/lib/x86_64-linux-gnu/libgio-2.0.so.0.4002.0
7f7e42b5e000-7f7e42b60000 rw-p 00000000 00:00 0 
7f7e42b73000-7f7e42b74000 rwxp 00000000 00:00 0 
7f7e42b74000-7f7e42b91000 rw-p 00000000 00:00 0 
7f7e42b91000-7f7e42b95000 r--s 0004d000 08:11 9312162                    /usr/lib/jvm/java-7-openjdk-amd64/jre/lib/jsse.jar
7f7e42b95000-7f7e42bac000 r-xp 00000000 08:11 9833543                    /usr/lib/jvm/java-7-openjdk-amd64/jre/lib/amd64/libnet.so
7f7e42bac000-7f7e42dab000 ---p 00017000 08:11 9833543                    /usr/lib/jvm/java-7-openjdk-amd64/jre/lib/amd64/libnet.so
7f7e42dab000-7f7e42dac000 r--p 00016000 08:11 9833543                    /usr/lib/jvm/java-7-openjdk-amd64/jre/lib/amd64/libnet.so
7f7e42dac000-7f7e42dad000 rw-p 00017000 08:11 9833543                    /usr/lib/jvm/java-7-openjdk-amd64/jre/lib/amd64/libnet.so
7f7e42dad000-7f7e42dbd000 r-xp 00000000 08:11 9833539                    /usr/lib/jvm/java-7-openjdk-amd64/jre/lib/amd64/libnio.so
7f7e42dbd000-7f7e42fbd000 ---p 00010000 08:11 9833539                    /usr/lib/jvm/java-7-openjdk-amd64/jre/lib/amd64/libnio.so
7f7e42fbd000-7f7e42fbe000 r--p 00010000 08:11 9833539                    /usr/lib/jvm/java-7-openjdk-amd64/jre/lib/amd64/libnio.so
7f7e42fbe000-7f7e42fbf000 rw-p 00011000 08:11 9833539                    /usr/lib/jvm/java-7-openjdk-amd64/jre/lib/amd64/libnio.so
7f7e42fbf000-7f7e42fc0000 r--s 0000a000 08:11 9181398                    /usr/local/mr4c/java/lib/apacheds-i18n-2.0.0-M15.jar
7f7e42fc0000-7f7e42fc2000 r--s 0000b000 08:11 9181448                    /usr/local/mr4c/java/lib/hadoop-mapreduce-client-shuffle-2.5.0-cdh5.2.0.jar
7f7e42fc2000-7f7e42fc5000 r--s 00022000 08:11 9181513                    /usr/local/mr4c/java/lib/stringtemplate-3.2.1.jar
7f7e42fc5000-7f7e42fc8000 r--s 0001d000 08:11 9181451                    /usr/local/mr4c/java/lib/hadoop-yarn-client-2.6.0.jar
7f7e42fc8000-7f7e42fc9000 r--s 0001f000 08:11 9181475                    /usr/local/mr4c/java/lib/jdiff-1.0.9.jar
7f7e42fc9000-7f7e42fcd000 r--s 00025000 08:11 9181396                    /usr/local/mr4c/java/lib/antlr-runtime-3.4.jar
7f7e42fcd000-7f7e42fcf000 r--s 00000000 08:11 9181490                    /usr/local/mr4c/java/lib/jnaerator-rococoa-runtime-0.11.jar
7f7e42fcf000-7f7e42fd4000 r--s 00038000 08:11 9181445                    /usr/local/mr4c/java/lib/hadoop-mapreduce-client-hs-2.5.0-cdh5.2.0.jar
7f7e42fd4000-7f7e42fd8000 r--s 0002a000 08:11 9181418                    /usr/local/mr4c/java/lib/commons-io-2.4.jar
7f7e42fd8000-7f7e42fdb000 r--s 00027000 08:11 9181499                    /usr/local/mr4c/java/lib/nestedvm-1.0.jar
7f7e42fdb000-7f7e42fdc000 r--s 0000e000 08:11 9181394                    /usr/local/mr4c/java/lib/anarres-jnaerator-1.2.8.jar
7f7e42fdc000-7f7e42fdf000 r--s 000fd000 08:11 9181496                    /usr/local/mr4c/java/lib/leveldbjni-all-1.8.jar
7f7e42fdf000-7f7e42fe1000 r--s 0000e000 08:11 9181434                    /usr/local/mr4c/java/lib/guice-servlet-3.0.jar
7f7e42fe1000-7f7e42ff7000 r--s 00172000 08:11 9181452                    /usr/local/mr4c/java/lib/hadoop-yarn-common-2.6.0.jar
7f7e42ff7000-7f7e43011000 r--s 001af000 08:11 9181450                    /usr/local/mr4c/java/lib/hadoop-yarn-api-2.6.0.jar
7f7e43011000-7f7e43012000 r--s 00003000 08:11 9181478                    /usr/local/mr4c/java/lib/jersey-guice-1.9.jar
7f7e43012000-7f7e43019000 r--s 0005e000 08:11 9181420                    /usr/local/mr4c/java/lib/commons-lang3-3.3.2.jar
7f7e43019000-7f7e4301b000 r--s 00009000 08:11 9181409                    /usr/local/mr4c/java/lib/commons-cli-1.2.jar
7f7e4301b000-7f7e43022000 r--s 0003e000 08:11 9181405                    /usr/local/mr4c/java/lib/cglib-2.2.1-v20090111.jar
7f7e43022000-7f7e43026000 r--s 0001d000 08:11 9181503                    /usr/local/mr4c/java/lib/ochafik-util-0.11.jar
7f7e43026000-7f7e4303c000 r--s 00159000 08:11 9181447                    /usr/local/mr4c/java/lib/hadoop-mapreduce-client-jobclient-tests-2.5.0-cdh5.2.0.jar
7f7e4303c000-7f7e4304e000 r--s 00097000 08:11 9181399                    /usr/local/mr4c/java/lib/apacheds-kerberos-codec-2.0.0-M15.jar
7f7e4304e000-7f7e43050000 r--s 00005000 08:11 9181429                    /usr/local/mr4c/java/lib/geronimo-jms_1.1_spec-1.0.jar
7f7e43050000-7f7e43052000 r--s 0000c000 08:11 9181457                    /usr/local/mr4c/java/lib/hadoop-yarn-server-tests-2.5.0-cdh5.2.0-tests.jar
7f7e43052000-7f7e43059000 r--s 00036000 08:11 9181426                    /usr/local/mr4c/java/lib/curator-recipes-2.6.0.jar
7f7e43059000-7f7e4305a000 r--s 00002000 08:11 9181449                    /usr/local/mr4c/java/lib/hadoop-minicluster-2.5.0-cdh5.2.0.jar
7f7e4305a000-7f7e4305f000 r--s 00068000 08:11 9181395                    /usr/local/mr4c/java/lib/antlr-2.7.7.jar
7f7e4305f000-7f7e43072000 r--s 000c7000 08:11 9181473                    /usr/local/mr4c/java/lib/jaxb-impl-2.2.3-1.jar
7f7e43072000-7f7e43077000 r--s 0003c000 08:11 9181454                    /usr/local/mr4c/java/lib/hadoop-yarn-server-common-2.5.0-cdh5.2.0.jar
7f7e43077000-7f7e43079000 r--s 0000a000 08:11 9181487                    /usr/local/mr4c/java/lib/jna-jnaerator-0.11.jar
7f7e43079000-7f7e4307b000 r--s 0000f000 08:11 9181482                    /usr/local/mr4c/java/lib/jettison-1.1.jar
7f7e4307b000-7f7e4307d000 r--s 00001000 08:11 9181509                    /usr/local/mr4c/java/lib/slf4j-log4j12-1.7.7.jar
7f7e4307d000-7f7e43084000 r--s 0006a000 08:11 9181498                    /usr/local/mr4c/java/lib/mail-1.4.3.jar
7f7e43084000-7f7e4308a000 r--s 00036000 08:11 9181495                    /usr/local/mr4c/java/lib/junit-4.11.jar
7f7e4308a000-7f7e4308c000 r--s 00006000 08:11 9181508                    /usr/local/mr4c/java/lib/slf4j-api-1.7.7.jar
7f7e4308c000-7f7e430a3000 r--s 000a1000 08:11 9181470                    /usr/local/mr4c/java/lib/javaee-api-5.0-2.jar
7f7e430a3000-7f7e430a5000 r--s 00009000 08:11 9181459                    /usr/local/mr4c/java/lib/hamcrest-core-1.3.jar
7f7e430a5000-7f7e430aa000 r--s 00036000 08:11 9181412                    /usr/local/mr4c/java/lib/commons-compress-1.4.1.jar
7f7e430aa000-7f7e430af000 r--s 00041000 08:11 9181419                    /usr/local/mr4c/java/lib/commons-lang-2.6.jar
7f7e430af000-7f7e430b1000 r--s 00000000 08:11 9181397                    /usr/local/mr4c/java/lib/aopalliance-1.0.jar
7f7e430b1000-7f7e430b4000 r--s 0001d000 08:11 9181476                    /usr/local/mr4c/java/lib/jersey-client-1.9.jar
7f7e430b4000-7f7e43117000 r--s 006d8000 08:11 9181440                    /usr/local/mr4c/java/lib/hadoop-hdfs-2.5.0-cdh5.2.0.jar
7f7e43117000-7f7e4311a000 r--s 00019000 08:11 9181416                    /usr/local/mr4c/java/lib/commons-el-1.0.jar
7f7e4311a000-7f7e4311e000 r--s 00014000 08:11 9181515                    /usr/local/mr4c/java/lib/xz-1.0.jar
7f7e4311e000-7f7e43120000 r--s 00009000 08:11 9181491                    /usr/local/mr4c/java/lib/jnaerator-runtime-0.11.jar
7f7e43120000-7f7e43123000 r--s 00021000 08:11 9181502                    /usr/local/mr4c/java/lib/ochafik-swing-0.11.jar
7f7e43123000-7f7e43126000 r--s 0002b000 08:11 9181492                    /usr/local/mr4c/java/lib/jsch-0.1.42.jar
7f7e43126000-7f7e43128000 r--s 00005000 08:11 9181474                    /usr/local/mr4c/java/lib/jdbc-api-1.4.jar
7f7e43128000-7f7e43144000 r--s 0018a000 08:11 9181439                    /usr/local/mr4c/java/lib/hadoop-common-tests-2.5.0-cdh5.2.0.jar
7f7e43144000-7f7e43151000 r--s 00097000 08:11 9181464                    /usr/local/mr4c/java/lib/jackson-mapper-asl-1.8.8.jar
7f7e43151000-7f7e43154000 r--s 00016000 08:11 9181493                    /usr/local/mr4c/java/lib/jsp-api-2.1.jar
7f7e43154000-7f7e4315c000 r--s 0006d000 08:11 9181488                    /usr/local/mr4c/java/lib/jnaerator-0.11.jar
7f7e4315c000-7f7e4315d000 r--s 00004000 08:11 9181469                    /usr/local/mr4c/java/lib/java-xmlbuilder-0.4.jar
7f7e4315d000-7f7e43163000 r--s 0003f000 08:11 9181461                    /usr/local/mr4c/java/lib/httpcore-4.3.2.jar
7f7e43163000-7f7e43175000 r--s 0009d000 08:11 9181480                    /usr/local/mr4c/java/lib/jersey-server-1.9.jar
7f7e43175000-7f7e43176000 r--s 00000000 08:11 9181471                    /usr/local/mr4c/java/lib/javax.inject-1.jar
7f7e43176000-7f7e43177000 r--s 0000a000 08:11 9181402                    /usr/local/mr4c/java/lib/asm-3.3.1.jar
7f7e43177000-7f7e43183000 r--s 00083000 08:11 9181455                    /usr/local/mr4c/java/lib/hadoop-yarn-server-nodemanager-2.5.0-cdh5.2.0.jar
7f7e43183000-7f7e4318c000 r--s 0007b000 08:11 9181481                    /usr/local/mr4c/java/lib/jets3t-0.9.0.jar
7f7e4318c000-7f7e4318d000 r--s 00004000 08:11 9181463                    /usr/local/mr4c/java/lib/jackson-jaxrs-1.8.8.jar
7f7e4318d000-7f7e43191000 r--s 0002f000 08:11 9181408                    /usr/local/mr4c/java/lib/commons-beanutils-core-1.8.0.jar
7f7e43191000-7f7e43195000 r--s 00021000 08:11 9181479                    /usr/local/mr4c/java/lib/jersey-json-1.9.jar
7f7e43195000-7f7e431c8000 r--s 002d8000 08:11 9181438                    /usr/local/mr4c/java/lib/hadoop-common-2.5.0-cdh5.2.0.jar
7f7e431c8000-7f7e431c9000 r--s 00003000 08:11 9181514                    /usr/local/mr4c/java/lib/xmlenc-0.52.jar
7f7e431c9000-7f7e431cc000 r--s 00006000 08:11 9181494                    /usr/local/mr4c/java/lib/jsr305-1.3.9.jar
7f7e431cc000-7f7e431e3000 r--s 0010e000 08:11 9181501                    /usr/local/mr4c/java/lib/netty-3.6.2.Final.jar
7f7e431e3000-7f7e431e8000 r--s 0002a000 08:11 9181430                    /usr/local/mr4c/java/lib/gson-2.2.4.jar
7f7e431e8000-7f7e431ea000 r--s 000f2000 08:11 9181510                    /usr/local/mr4c/java/lib/snappy-java-1.0.4.1.jar
7f7e431ea000-7f7e431f3000 r--s 0006f000 08:11 9181497                    /usr/local/mr4c/java/lib/log4j-1.2.17.jar
7f7e431f3000-7f7e431fb000 r--s 000cf000 08:11 9181404                    /usr/local/mr4c/java/lib/bridj-0.6.2.jar
7f7e431fb000-7f7e4320a000 r--s 0009f000 08:11 9181433                    /usr/local/mr4c/java/lib/guice-3.0.jar
7f7e4320a000-7f7e43210000 r--s 00028000 08:11 9181425                    /usr/local/mr4c/java/lib/curator-framework-2.6.0.jar
7f7e43210000-7f7e4321f000 r--s 000b1000 08:11 9181500                    /usr/local/mr4c/java/lib/netty-3.2.2.Final.jar
7f7e4321f000-7f7e43221000 r--s 00004000 08:11 9181435                    /usr/local/mr4c/java/lib/hadoop-annotations-2.5.0-cdh5.2.0.jar
7f7e43221000-7f7e43230000 r--s 000e1000 08:11 9181427                    /usr/local/mr4c/java/lib/dx-1.7.jar
7f7e43230000-7f7e43241000 r--s 000da000 08:11 9181456                    /usr/local/mr4c/java/lib/hadoop-yarn-server-resourcemanager-2.5.0-cdh5.2.0.jar
7f7e43241000-7f7e43260000 r--s 0029e000 08:11 9181441                    /usr/local/mr4c/java/lib/hadoop-hdfs-tests-2.5.0-cdh5.2.0.jar
7f7e43260000-7f7e43266000 r--s 00033000 08:11 9181410                    /usr/local/mr4c/java/lib/commons-codec-1.6.jar
7f7e43266000-7f7e4326a000 r--s 00028000 08:11 9181484                    /usr/local/mr4c/java/lib/jetty-util-6.1.26.jar
7f7e4326a000-7f7e4326f000 r--s 00309000 08:11 9181511                    /usr/local/mr4c/java/lib/sqlite-jdbc-3.7.2.jar
7f7e4326f000-7f7e43272000 r--s 00017000 08:11 9181472                    /usr/local/mr4c/java/lib/jaxb-api-2.2.2.jar
7f7e43272000-7f7e43277000 r--s 0002a000 08:11 9181407                    /usr/local/mr4c/java/lib/commons-beanutils-1.7.0.jar
7f7e43277000-7f7e4327f000 r--s 0007b000 08:11 9181505                    /usr/local/mr4c/java/lib/protobuf-java-2.5.0.jar
7f7e4327f000-7f7e43288000 r--s 00062000 08:11 9181403                    /usr/local/mr4c/java/lib/avro-1.7.6-cdh5.2.0.jar
7f7e43288000-7f7e43289000 r--s 00002000 08:11 9181437                    /usr/local/mr4c/java/lib/hadoop-client-2.5.0-cdh5.2.0.jar
7f7e43289000-7f7e4328b000 r--s 00012000 08:11 9181401                    /usr/local/mr4c/java/lib/api-util-1.0.0-M20.jar
7f7e4328b000-7f7e43297000 r--s 00085000 08:11 9181460                    /usr/local/mr4c/java/lib/httpclient-4.3.5.jar
7f7e43297000-7f7e43299000 r--s 00009000 08:11 9181446                    /usr/local/mr4c/java/lib/hadoop-mapreduce-client-jobclient-2.5.0-cdh5.2.0.jar
7f7e43299000-7f7e4329b000 r--s 00003000 08:11 9181400                    /usr/local/mr4c/java/lib/api-asn1-api-1.0.0-M20.jar
7f7e4329b000-7f7e4329c000 r--s 00000000 08:11 9181432                    /usr/local/mr4c/java/lib/guava-bootstrap-11.0.2.jar
7f7e4329c000-7f7e4329e000 r--s 0000e000 08:11 9181421                    /usr/local/mr4c/java/lib/commons-logging-1.1.3.jar
7f7e4329e000-7f7e432a0000 r--s 00018000 08:11 9181507                    /usr/local/mr4c/java/lib/servlet-api-2.5.jar
7f7e432a0000-7f7e432a5000 r--s 0005f000 08:11 9181466                    /usr/local/mr4c/java/lib/jasper-compiler-5.5.23.jar
7f7e432a5000-7f7e432b5000 r--s 0019c000 08:11 9181428                    /usr/local/mr4c/java/lib/ecj-3.7.2.jar
7f7e432b5000-7f7e432d2000 r--s 0016a000 08:11 9181422                    /usr/local/mr4c/java/lib/commons-math3-3.1.1.jar
7f7e432d2000-7f7e432d6000 r--s 00020000 08:11 9181415                    /usr/local/mr4c/java/lib/commons-digester-1.8.jar
7f7e432d6000-7f7e432da000 r--s 00015000 08:11 9181506                    /usr/local/mr4c/java/lib/rococoa-core-0.5.jar
7f7e432da000-7f7e432db000 r--s 00005000 08:11 9181414                    /usr/local/mr4c/java/lib/commons-daemon-1.0.13.jar
7f7e432db000-7f7e432dd000 r--s 0000f000 08:11 9181424                    /usr/local/mr4c/java/lib/curator-client-2.6.0.jar
7f7e432dd000-7f7e432e2000 r--s 00073000 08:11 9181489                    /usr/local/mr4c/java/lib/jnaerator-parser-0.11.jar
7f7e432e2000-7f7e432e6000 r--s 00034000 08:11 9181462                    /usr/local/mr4c/java/lib/jackson-core-asl-1.8.8.jar
7f7e432e6000-7f7e432ec000 r--s 00043000 08:11 9181413                    /usr/local/mr4c/java/lib/commons-configuration-1.6.jar
7f7e432ec000-7f7e43304000 r--s 0015a000 08:11 9181444                    /usr/local/mr4c/java/lib/hadoop-mapreduce-client-core-2.5.0-cdh5.2.0.jar
7f7e43304000-7f7e43306000 r--s 00007000 08:11 9181458                    /usr/local/mr4c/java/lib/hadoop-yarn-server-web-proxy-2.5.0-cdh5.2.0.jar
7f7e43306000-7f7e4330c000 r--s 00045000 08:11 9181417                    /usr/local/mr4c/java/lib/commons-httpclient-3.1.jar
7f7e4330c000-7f7e43313000 r--s 0007d000 08:11 9181483                    /usr/local/mr4c/java/lib/jetty-6.1.26.jar
7f7e43313000-7f7e4331d000 r--s 00071000 08:11 9181442                    /usr/local/mr4c/java/lib/hadoop-mapreduce-client-app-2.5.0-cdh5.2.0.jar
7f7e4331d000-7f7e4332b000 r--s 0007f000 08:11 9181411                    /usr/local/mr4c/java/lib/commons-collections-3.2.1.jar
7f7e4332b000-7f7e4332c000 ---p 00000000 00:00 0 
7f7e4332c000-7f7e4342c000 rw-p 00000000 00:00 0                          [stack:4423]
7f7e4342c000-7f7e4342f000 ---p 00000000 00:00 0 
7f7e4342f000-7f7e4352d000 rw-p 00000000 00:00 0                          [stack:4422]
7f7e4352d000-7f7e43530000 ---p 00000000 00:00 0 
7f7e43530000-7f7e4362e000 rw-p 00000000 00:00 0                          [stack:4421]
7f7e4362e000-7f7e43631000 ---p 00000000 00:00 0 
7f7e43631000-7f7e4372f000 rw-p 00000000 00:00 0                          [stack:4420]
7f7e4372f000-7f7e43732000 ---p 00000000 00:00 0 
7f7e43732000-7f7e43830000 rw-p 00000000 00:00 0                          [stack:4419]
7f7e43830000-7f7e44000000 r--p 00000000 08:11 8919636                    /usr/lib/locale/locale-archive
7f7e44000000-7f7e44021000 rw-p 00000000 00:00 0 
7f7e44021000-7f7e48000000 ---p 00000000 00:00 0 
7f7e48000000-7f7e48001000 r--s 0000e000 08:11 9181468                    /usr/local/mr4c/java/lib/java-getopt-1.0.13.jar
7f7e48001000-7f7e48003000 r--s 0000e000 08:11 9181393                    /usr/local/mr4c/java/lib/activation-1.1.jar
7f7e48003000-7f7e48005000 r--s 00014000 08:11 9181485                    /usr/local/mr4c/java/lib/jline-0.9.94.jar
7f7e48005000-7f7e48026000 r--s 00172000 08:11 9181431                    /usr/local/mr4c/java/lib/guava-11.0.2.jar
7f7e48026000-7f7e4802a000 r--s 00021000 08:11 9181453                    /usr/local/mr4c/java/lib/hadoop-yarn-server-applicationhistoryservice-2.5.0-cdh5.2.0.jar
7f7e4802a000-7f7e4802c000 r--s 00010000 08:11 9181436                    /usr/local/mr4c/java/lib/hadoop-auth-2.5.0-cdh5.2.0.jar
7f7e4802c000-7f7e4802e000 r--s 00004000 08:11 9181512                    /usr/local/mr4c/java/lib/stax-api-1.0-2.jar
7f7e4802e000-7f7e48030000 r--s 00006000 08:11 9181504                    /usr/local/mr4c/java/lib/paranamer-2.3.jar
7f7e48030000-7f7e4803b000 r--s 00099000 08:11 9181443                    /usr/local/mr4c/java/lib/hadoop-mapreduce-client-common-2.5.0-cdh5.2.0.jar
7f7e4803b000-7f7e4803d000 r--s 00011000 08:11 9181467                    /usr/local/mr4c/java/lib/jasper-runtime-5.5.23.jar
7f7e4803d000-7f7e48047000 r--s 00066000 08:11 9181477                    /usr/local/mr4c/java/lib/jersey-core-1.9.jar
7f7e48047000-7f7e4804c000 r--s 0003e000 08:11 9181423                    /usr/local/mr4c/java/lib/commons-net-3.1.jar
7f7e4804c000-7f7e4805e000 r--s 00139000 08:11 9181516                    /usr/local/mr4c/java/lib/zookeeper-3.4.5-cdh5.2.0.jar
7f7e4805e000-7f7e4806d000 r--s 0360f000 08:11 9181390                    /usr/local/mr4c/java/dist/mr4c-with-libs.jar
7f7e4806d000-7f7e48070000 ---p 00000000 00:00 0 
7f7e48070000-7f7e4816e000 rw-p 00000000 00:00 0                          [stack:4418]
7f7e4816e000-7f7e48171000 ---p 00000000 00:00 0 
7f7e48171000-7f7e4826f000 rw-p 00000000 00:00 0                          [stack:4417]
7f7e4826f000-7f7e48270000 ---p 00000000 00:00 0 
7f7e48270000-7f7e49000000 rw-p 00000000 00:00 0                          [stack:4416]
7f7e49000000-7f7e49270000 rwxp 00000000 00:00 0 
7f7e49270000-7f7e4c88e000 rw-p 00000000 00:00 0 
7f7e4c88e000-7f7e50000000 ---p 00000000 00:00 0 
7f7e50000000-7f7e50007000 r--s 00040000 08:11 9181406                    /usr/local/mr4c/java/lib/cglib-2.2.2.jar
7f7e50007000-7f7e5000b000 r--s 000f3000 08:11 9181486                    /usr/local/mr4c/java/lib/jna-3.4.0.jar
7f7e5000b000-7f7e5000d000 r--s 00012000 08:11 9572830                    /usr/lib/jvm/java-7-openjdk-amd64/jre/lib/ext/zipfs.jar
7f7e5000d000-7f7e50010000 r--s 0000f000 08:11 9572827                    /usr/lib/jvm/java-7-openjdk-amd64/jre/lib/ext/icedtea-sound.jar
7f7e50010000-7f7e50014000 r--s 00034000 08:11 9572829                    /usr/lib/jvm/java-7-openjdk-amd64/jre/lib/ext/sunjce_provider.jar
7f7e50014000-7f7e50016000 r--s 00006000 08:11 9312189                    /usr/share/java/java-atk-wrapper.jar
7f7e50016000-7f7e5001a000 r--s 0003c000 08:11 9572828                    /usr/lib/jvm/java-7-openjdk-amd64/jre/lib/ext/sunpkcs11.jar
7f7e5001a000-7f7e5001d000 r--s 00086000 08:11 9572832                    /usr/lib/jvm/java-7-openjdk-amd64/jre/lib/ext/localedata.jar
7f7e5001d000-7f7e5101a000 rw-p 00000000 00:00 0 
7f7e5101a000-7f7e511cc000 r--s 01d23000 08:11 9312159                    /usr/lib/jvm/java-7-openjdk-amd64/jre/lib/rt.jar
7f7e511cc000-7f7e516f9000 rw-p 00000000 00:00 0 
7f7e516f9000-7f7e516fa000 ---p 00000000 00:00 0 
7f7e516fa000-7f7e517fa000 rw-p 00000000 00:00 0                          [stack:4415]
7f7e517fa000-7f7e517fb000 ---p 00000000 00:00 0 
7f7e517fb000-7f7e518fb000 rw-p 00000000 00:00 0                          [stack:4414]
7f7e518fb000-7f7e518fc000 ---p 00000000 00:00 0 
7f7e518fc000-7f7e519fc000 rw-p 00000000 00:00 0                          [stack:4413]
7f7e519fc000-7f7e519fd000 ---p 00000000 00:00 0 
7f7e519fd000-7f7e51afd000 rw-p 00000000 00:00 0                          [stack:4412]
7f7e51afd000-7f7e51afe000 ---p 00000000 00:00 0 
7f7e51afe000-7f7e51bfe000 rw-p 00000000 00:00 0                          [stack:4411]
7f7e51bfe000-7f7e51bff000 ---p 00000000 00:00 0 
7f7e51bff000-7f7e51cff000 rw-p 00000000 00:00 0                          [stack:4410]
7f7e51cff000-7f7e51d00000 ---p 00000000 00:00 0 
7f7e51d00000-7f7e51e00000 rw-p 00000000 00:00 0                          [stack:4409]
7f7e51e00000-7f7e51e01000 ---p 00000000 00:00 0 
7f7e51e01000-7f7e51f0c000 rw-p 00000000 00:00 0                          [stack:4408]
7f7e51f0c000-7f7e51f54000 rw-p 00000000 00:00 0 
7f7e51f54000-7f7e51f7e000 rw-p 00000000 00:00 0 
7f7e51f7e000-7f7e521ea000 rw-p 00000000 00:00 0 
7f7e521ea000-7f7e521f5000 rw-p 00000000 00:00 0 
7f7e521f5000-7f7e5223d000 rw-p 00000000 00:00 0 
7f7e5223d000-7f7e52267000 rw-p 00000000 00:00 0 
7f7e52267000-7f7e524d3000 rw-p 00000000 00:00 0 
7f7e524d3000-7f7e524e8000 rw-p 00000000 00:00 0 
7f7e524e8000-7f7e5261e000 rw-p 00000000 00:00 0 
7f7e5261e000-7f7e5261f000 rw-p 00000000 00:00 0 
7f7e5261f000-7f7e52627000 r-xp 00000000 08:11 9833564                    /usr/lib/jvm/java-7-openjdk-amd64/jre/lib/amd64/libzip.so
7f7e52627000-7f7e52826000 ---p 00008000 08:11 9833564                    /usr/lib/jvm/java-7-openjdk-amd64/jre/lib/amd64/libzip.so
7f7e52826000-7f7e52827000 r--p 00007000 08:11 9833564                    /usr/lib/jvm/java-7-openjdk-amd64/jre/lib/amd64/libzip.so
7f7e52827000-7f7e52828000 rw-p 00008000 08:11 9833564                    /usr/lib/jvm/java-7-openjdk-amd64/jre/lib/amd64/libzip.so
7f7e52828000-7f7e52833000 r-xp 00000000 08:11 1310739                    /lib/x86_64-linux-gnu/libnss_files-2.19.so
7f7e52833000-7f7e52a32000 ---p 0000b000 08:11 1310739                    /lib/x86_64-linux-gnu/libnss_files-2.19.so
7f7e52a32000-7f7e52a33000 r--p 0000a000 08:11 1310739                    /lib/x86_64-linux-gnu/libnss_files-2.19.so
7f7e52a33000-7f7e52a34000 rw-p 0000b000 08:11 1310739                    /lib/x86_64-linux-gnu/libnss_files-2.19.so
7f7e52a34000-7f7e52a3f000 r-xp 00000000 08:11 1314621                    /lib/x86_64-linux-gnu/libnss_nis-2.19.so
7f7e52a3f000-7f7e52c3e000 ---p 0000b000 08:11 1314621                    /lib/x86_64-linux-gnu/libnss_nis-2.19.so
7f7e52c3e000-7f7e52c3f000 r--p 0000a000 08:11 1314621                    /lib/x86_64-linux-gnu/libnss_nis-2.19.so
7f7e52c3f000-7f7e52c40000 rw-p 0000b000 08:11 1314621                    /lib/x86_64-linux-gnu/libnss_nis-2.19.so
7f7e52c40000-7f7e52c57000 r-xp 00000000 08:11 1310814                    /lib/x86_64-linux-gnu/libnsl-2.19.so
7f7e52c57000-7f7e52e56000 ---p 00017000 08:11 1310814                    /lib/x86_64-linux-gnu/libnsl-2.19.so
7f7e52e56000-7f7e52e57000 r--p 00016000 08:11 1310814                    /lib/x86_64-linux-gnu/libnsl-2.19.so
7f7e52e57000-7f7e52e58000 rw-p 00017000 08:11 1310814                    /lib/x86_64-linux-gnu/libnsl-2.19.so
7f7e52e58000-7f7e52e5a000 rw-p 00000000 00:00 0 
7f7e52e5a000-7f7e52e63000 r-xp 00000000 08:11 1310813                    /lib/x86_64-linux-gnu/libnss_compat-2.19.so
7f7e52e63000-7f7e53062000 ---p 00009000 08:11 1310813                    /lib/x86_64-linux-gnu/libnss_compat-2.19.so
7f7e53062000-7f7e53063000 r--p 00008000 08:11 1310813                    /lib/x86_64-linux-gnu/libnss_compat-2.19.so
7f7e53063000-7f7e53064000 rw-p 00009000 08:11 1310813                    /lib/x86_64-linux-gnu/libnss_compat-2.19.so
7f7e53064000-7f7e5308f000 r-xp 00000000 08:11 9833551                    /usr/lib/jvm/java-7-openjdk-amd64/jre/lib/amd64/libjava.so
7f7e5308f000-7f7e5328f000 ---p 0002b000 08:11 9833551                    /usr/lib/jvm/java-7-openjdk-amd64/jre/lib/amd64/libjava.so
7f7e5328f000-7f7e53290000 r--p 0002b000 08:11 9833551                    /usr/lib/jvm/java-7-openjdk-amd64/jre/lib/amd64/libjava.so
7f7e53290000-7f7e53292000 rw-p 0002c000 08:11 9833551                    /usr/lib/jvm/java-7-openjdk-amd64/jre/lib/amd64/libjava.so
7f7e53292000-7f7e532a2000 r-xp 00000000 08:11 9833550                    /usr/lib/jvm/java-7-openjdk-amd64/jre/lib/amd64/libverify.so
7f7e532a2000-7f7e534a1000 ---p 00010000 08:11 9833550                    /usr/lib/jvm/java-7-openjdk-amd64/jre/lib/amd64/libverify.so
7f7e534a1000-7f7e534a3000 r--p 0000f000 08:11 9833550                    /usr/lib/jvm/java-7-openjdk-amd64/jre/lib/amd64/libverify.so
7f7e534a3000-7f7e534a4000 rw-p 00011000 08:11 9833550                    /usr/lib/jvm/java-7-openjdk-amd64/jre/lib/amd64/libverify.so
7f7e534a4000-7f7e534ab000 r-xp 00000000 08:11 1310822                    /lib/x86_64-linux-gnu/librt-2.19.so
7f7e534ab000-7f7e536aa000 ---p 00007000 08:11 1310822                    /lib/x86_64-linux-gnu/librt-2.19.so
7f7e536aa000-7f7e536ab000 r--p 00006000 08:11 1310822                    /lib/x86_64-linux-gnu/librt-2.19.so
7f7e536ab000-7f7e536ac000 rw-p 00007000 08:11 1310822                    /lib/x86_64-linux-gnu/librt-2.19.so
7f7e536ac000-7f7e536c2000 r-xp 00000000 08:11 1314668                    /lib/x86_64-linux-gnu/libgcc_s.so.1
7f7e536c2000-7f7e538c1000 ---p 00016000 08:11 1314668                    /lib/x86_64-linux-gnu/libgcc_s.so.1
7f7e538c1000-7f7e538c2000 rw-p 00015000 08:11 1314668                    /lib/x86_64-linux-gnu/libgcc_s.so.1
7f7e538c2000-7f7e539c7000 r-xp 00000000 08:11 1310735                    /lib/x86_64-linux-gnu/libm-2.19.so
7f7e539c7000-7f7e53bc6000 ---p 00105000 08:11 1310735                    /lib/x86_64-linux-gnu/libm-2.19.so
7f7e53bc6000-7f7e53bc7000 r--p 00104000 08:11 1310735                    /lib/x86_64-linux-gnu/libm-2.19.so
7f7e53bc7000-7f7e53bc8000 rw-p 00105000 08:11 1310735                    /lib/x86_64-linux-gnu/libm-2.19.so
7f7e53bc8000-7f7e53cae000 r-xp 00000000 08:11 8917327                    /usr/lib/x86_64-linux-gnu/libstdc++.so.6.0.19
7f7e53cae000-7f7e53ead000 ---p 000e6000 08:11 8917327                    /usr/lib/x86_64-linux-gnu/libstdc++.so.6.0.19
7f7e53ead000-7f7e53eb5000 r--p 000e5000 08:11 8917327                    /usr/lib/x86_64-linux-gnu/libstdc++.so.6.0.19
7f7e53eb5000-7f7e53eb7000 rw-p 000ed000 08:11 8917327                    /usr/lib/x86_64-linux-gnu/libstdc++.so.6.0.19
7f7e53eb7000-7f7e53ecc000 rw-p 00000000 00:00 0 
7f7e53ecc000-7f7e549e4000 r-xp 00000000 08:11 9964759                    /usr/lib/jvm/java-7-openjdk-amd64/jre/lib/amd64/server/libjvm.so
7f7e549e4000-7f7e54be4000 ---p 00b18000 08:11 9964759                    /usr/lib/jvm/java-7-openjdk-amd64/jre/lib/amd64/server/libjvm.so
7f7e54be4000-7f7e54c7e000 r--p 00b18000 08:11 9964759                    /usr/lib/jvm/java-7-openjdk-amd64/jre/lib/amd64/server/libjvm.so
7f7e54c7e000-7f7e54ca1000 rw-p 00bb2000 08:11 9964759                    /usr/lib/jvm/java-7-openjdk-amd64/jre/lib/amd64/server/libjvm.so
7f7e54ca1000-7f7e54ccf000 rw-p 00000000 00:00 0 
7f7e54ccf000-7f7e54ce7000 r-xp 00000000 08:11 1314854                    /lib/x86_64-linux-gnu/libz.so.1.2.8
7f7e54ce7000-7f7e54ee6000 ---p 00018000 08:11 1314854                    /lib/x86_64-linux-gnu/libz.so.1.2.8
7f7e54ee6000-7f7e54ee7000 r--p 00017000 08:11 1314854                    /lib/x86_64-linux-gnu/libz.so.1.2.8
7f7e54ee7000-7f7e54ee8000 rw-p 00018000 08:11 1314854                    /lib/x86_64-linux-gnu/libz.so.1.2.8
7f7e54ee8000-7f7e54f01000 r-xp 00000000 08:11 1310820                    /lib/x86_64-linux-gnu/libpthread-2.19.so
7f7e54f01000-7f7e55100000 ---p 00019000 08:11 1310820                    /lib/x86_64-linux-gnu/libpthread-2.19.so
7f7e55100000-7f7e55101000 r--p 00018000 08:11 1310820                    /lib/x86_64-linux-gnu/libpthread-2.19.so
7f7e55101000-7f7e55102000 rw-p 00019000 08:11 1310820                    /lib/x86_64-linux-gnu/libpthread-2.19.so
7f7e55102000-7f7e55106000 rw-p 00000000 00:00 0 
7f7e55106000-7f7e55109000 r-xp 00000000 08:11 1310750                    /lib/x86_64-linux-gnu/libdl-2.19.so
7f7e55109000-7f7e55308000 ---p 00003000 08:11 1310750                    /lib/x86_64-linux-gnu/libdl-2.19.so
7f7e55308000-7f7e55309000 r--p 00002000 08:11 1310750                    /lib/x86_64-linux-gnu/libdl-2.19.so
7f7e55309000-7f7e5530a000 rw-p 00003000 08:11 1310750                    /lib/x86_64-linux-gnu/libdl-2.19.so
7f7e5530a000-7f7e554c5000 r-xp 00000000 08:11 1310819                    /lib/x86_64-linux-gnu/libc-2.19.so
7f7e554c5000-7f7e556c4000 ---p 001bb000 08:11 1310819                    /lib/x86_64-linux-gnu/libc-2.19.so
7f7e556c4000-7f7e556c8000 r--p 001ba000 08:11 1310819                    /lib/x86_64-linux-gnu/libc-2.19.so
7f7e556c8000-7f7e556ca000 rw-p 001be000 08:11 1310819                    /lib/x86_64-linux-gnu/libc-2.19.so
7f7e556ca000-7f7e556cf000 rw-p 00000000 00:00 0 
7f7e556cf000-7f7e556dc000 r-xp 00000000 08:11 9833535                    /usr/lib/jvm/java-7-openjdk-amd64/jre/lib/amd64/jli/libjli.so
7f7e556dc000-7f7e558db000 ---p 0000d000 08:11 9833535                    /usr/lib/jvm/java-7-openjdk-amd64/jre/lib/amd64/jli/libjli.so
7f7e558db000-7f7e558dc000 r--p 0000c000 08:11 9833535                    /usr/lib/jvm/java-7-openjdk-amd64/jre/lib/amd64/jli/libjli.so
7f7e558dc000-7f7e558dd000 rw-p 0000d000 08:11 9833535                    /usr/lib/jvm/java-7-openjdk-amd64/jre/lib/amd64/jli/libjli.so
7f7e558dd000-7f7e55900000 r-xp 00000000 08:11 1310816                    /lib/x86_64-linux-gnu/ld-2.19.so
7f7e55900000-7f7e55901000 r--s 00007000 08:11 9181465                    /usr/local/mr4c/java/lib/jackson-xc-1.8.8.jar
7f7e55901000-7f7e55902000 r--s 00002000 08:11 9572831                    /usr/lib/jvm/java-7-openjdk-amd64/jre/lib/ext/dnsns.jar
7f7e55902000-7f7e5590c000 rw-p 00000000 00:00 0 
7f7e5590c000-7f7e559c2000 rw-p 00000000 00:00 0 
7f7e559c2000-7f7e559c5000 ---p 00000000 00:00 0 
7f7e559c5000-7f7e55af2000 rw-p 00000000 00:00 0                          [stack:4407]
7f7e55af2000-7f7e55afa000 rw-s 00000000 08:11 1445191                    /tmp/hsperfdata_gpu/4406
7f7e55afa000-7f7e55afb000 rw-p 00000000 00:00 0 
7f7e55afb000-7f7e55afc000 r--p 00000000 00:00 0 
7f7e55afc000-7f7e55aff000 rw-p 00000000 00:00 0 
7f7e55aff000-7f7e55b00000 r--p 00022000 08:11 1310816                    /lib/x86_64-linux-gnu/ld-2.19.so
7f7e55b00000-7f7e55b01000 rw-p 00023000 08:11 1310816                    /lib/x86_64-linux-gnu/ld-2.19.so
7f7e55b01000-7f7e55b02000 rw-p 00000000 00:00 0 
7ffc970a7000-7ffc970c8000 rw-p 00000000 00:00 0                          [stack]
7ffc9719e000-7ffc971a0000 r-xp 00000000 00:00 0                          [vdso]
ffffffffff600000-ffffffffff601000 r-xp 00000000 00:00 0                  [vsyscall]

VM Arguments:
jvm_args: -Djna.library.path=/usr/local/cuda-7.0/lib64:/usr/include/gdal::/lib::/home/gpu/workspace/mr4c_programs/wordcount_map_host_gpu/lib:.:/usr/local/lib -Dmr4c.algorithm.classpath= -Dmr4c.log4j= -Dmr4c.site= 
java_command: com.google.mr4c.AlgoRunner ./changeimage.json
Launcher Type: SUN_STANDARD

Environment Variables:
JAVA_HOME=/usr/lib/jvm/java-7-openjdk-amd64
PATH=/usr/local/cuda-7.0/bin:/usr/local/sbin:/usr/local/bin:/usr/sbin:/usr/bin:/sbin:/bin:/usr/games:/usr/local/games:/usr/local/hadoop/bin:/usr/lib/jvm/java-7-openjdk-amd64/bin:/home/gpu/idea-IU-141.178.9/bin:/usr/share/ant/bin:/usr/share/ant/lib:
LD_LIBRARY_PATH=/usr/local/cuda-7.0/lib64:/usr/include/gdal::/lib::/home/gpu/workspace/mr4c_programs/wordcount_map_host_gpu/lib
SHELL=/usr/bin/zsh

Signal Handlers:
SIGSEGV: [libjvm.so+0x94b4b0], sa_mask[0]=0x7ffbfeff, sa_flags=0x10000004
SIGBUS: [libjvm.so+0x94b4b0], sa_mask[0]=0x7ffbfeff, sa_flags=0x10000004
SIGFPE: [libjvm.so+0x7c3390], sa_mask[0]=0x7ffbfeff, sa_flags=0x10000004
SIGPIPE: [libjvm.so+0x7c3390], sa_mask[0]=0x7ffbfeff, sa_flags=0x10000004
SIGXFSZ: [libjvm.so+0x7c3390], sa_mask[0]=0x7ffbfeff, sa_flags=0x10000004
SIGILL: [libjvm.so+0x7c3390], sa_mask[0]=0x7ffbfeff, sa_flags=0x10000004
SIGUSR1: SIG_DFL, sa_mask[0]=0x00000000, sa_flags=0x00000000
SIGUSR2: [libjvm.so+0x7c3230], sa_mask[0]=0x00000000, sa_flags=0x10000004
SIGHUP: [libjvm.so+0x7c3410], sa_mask[0]=0x7ffbfeff, sa_flags=0x10000004
SIGINT: [libjvm.so+0x7c3410], sa_mask[0]=0x7ffbfeff, sa_flags=0x10000004
SIGTERM: [libjvm.so+0x7c3410], sa_mask[0]=0x7ffbfeff, sa_flags=0x10000004
SIGQUIT: [libjvm.so+0x7c3410], sa_mask[0]=0x7ffbfeff, sa_flags=0x10000004
SIGTRAP: SIG_DFL, sa_mask[0]=0x00000000, sa_flags=0x00000000


---------------  S Y S T E M  ---------------

OS:Ubuntu 14.04 (trusty)
uname:Linux 3.13.0-49-generic #81-Ubuntu SMP Tue Mar 24 19:29:48 UTC 2015 x86_64
libc:glibc 2.19 NPTL 2.19 
rlimit: STACK 8192k, CORE 0k, NPROC 63331, NOFILE 4096, AS infinity
load average:0.27 0.36 0.41

/proc/meminfo:
MemTotal:        8128060 kB
MemFree:          687464 kB
Buffers:          783716 kB
Cached:          3150140 kB
SwapCached:            0 kB
Active:          4860020 kB
Inactive:        1748184 kB
Active(anon):    2215540 kB
Inactive(anon):   496652 kB
Active(file):    2644480 kB
Inactive(file):  1251532 kB
Unevictable:        1932 kB
Mlocked:            1932 kB
SwapTotal:       8338428 kB
SwapFree:        8338168 kB
Dirty:               936 kB
Writeback:             0 kB
AnonPages:       2676424 kB
Mapped:           253140 kB
Shmem:             37844 kB
Slab:             656056 kB
SReclaimable:     604876 kB
SUnreclaim:        51180 kB
KernelStack:        7392 kB
PageTables:        35852 kB
NFS_Unstable:          0 kB
Bounce:                0 kB
WritebackTmp:          0 kB
CommitLimit:    12402456 kB
Committed_AS:    6671676 kB
VmallocTotal:   34359738367 kB
VmallocUsed:      158320 kB
VmallocChunk:   34359573744 kB
HardwareCorrupted:     0 kB
AnonHugePages:   2107392 kB
HugePages_Total:       0
HugePages_Free:        0
HugePages_Rsvd:        0
HugePages_Surp:        0
Hugepagesize:       2048 kB
DirectMap4k:      293704 kB
DirectMap2M:     8046592 kB


CPU:total 8 (4 cores per cpu, 2 threads per core) family 6 model 58 stepping 9, cmov, cx8, fxsr, mmx, sse, sse2, sse3, ssse3, sse4.1, sse4.2, popcnt, avx, aes, erms, ht, tsc, tscinvbit, tscinv

/proc/cpuinfo:
processor	: 0
vendor_id	: GenuineIntel
cpu family	: 6
model		: 58
model name	: Intel(R) Core(TM) i7-3770 CPU @ 3.40GHz
stepping	: 9
microcode	: 0x12
cpu MHz		: 1600.000
cache size	: 8192 KB
physical id	: 0
siblings	: 8
core id		: 0
cpu cores	: 4
apicid		: 0
initial apicid	: 0
fpu		: yes
fpu_exception	: yes
cpuid level	: 13
wp		: yes
flags		: fpu vme de pse tsc msr pae mce cx8 apic sep mtrr pge mca cmov pat pse36 clflush dts acpi mmx fxsr sse sse2 ss ht tm pbe syscall nx rdtscp lm constant_tsc arch_perfmon pebs bts rep_good nopl xtopology nonstop_tsc aperfmperf eagerfpu pni pclmulqdq dtes64 monitor ds_cpl vmx smx est tm2 ssse3 cx16 xtpr pdcm pcid sse4_1 sse4_2 x2apic popcnt tsc_deadline_timer aes xsave avx f16c rdrand lahf_lm ida arat epb xsaveopt pln pts dtherm tpr_shadow vnmi flexpriority ept vpid fsgsbase smep erms
bogomips	: 6800.24
clflush size	: 64
cache_alignment	: 64
address sizes	: 36 bits physical, 48 bits virtual
power management:

processor	: 1
vendor_id	: GenuineIntel
cpu family	: 6
model		: 58
model name	: Intel(R) Core(TM) i7-3770 CPU @ 3.40GHz
stepping	: 9
microcode	: 0x12
cpu MHz		: 1600.000
cache size	: 8192 KB
physical id	: 0
siblings	: 8
core id		: 1
cpu cores	: 4
apicid		: 2
initial apicid	: 2
fpu		: yes
fpu_exception	: yes
cpuid level	: 13
wp		: yes
flags		: fpu vme de pse tsc msr pae mce cx8 apic sep mtrr pge mca cmov pat pse36 clflush dts acpi mmx fxsr sse sse2 ss ht tm pbe syscall nx rdtscp lm constant_tsc arch_perfmon pebs bts rep_good nopl xtopology nonstop_tsc aperfmperf eagerfpu pni pclmulqdq dtes64 monitor ds_cpl vmx smx est tm2 ssse3 cx16 xtpr pdcm pcid sse4_1 sse4_2 x2apic popcnt tsc_deadline_timer aes xsave avx f16c rdrand lahf_lm ida arat epb xsaveopt pln pts dtherm tpr_shadow vnmi flexpriority ept vpid fsgsbase smep erms
bogomips	: 6800.24
clflush size	: 64
cache_alignment	: 64
address sizes	: 36 bits physical, 48 bits virtual
power management:

processor	: 2
vendor_id	: GenuineIntel
cpu family	: 6
model		: 58
model name	: Intel(R) Core(TM) i7-3770 CPU @ 3.40GHz
stepping	: 9
microcode	: 0x12
cpu MHz		: 1600.000
cache size	: 8192 KB
physical id	: 0
siblings	: 8
core id		: 2
cpu cores	: 4
apicid		: 4
initial apicid	: 4
fpu		: yes
fpu_exception	: yes
cpuid level	: 13
wp		: yes
flags		: fpu vme de pse tsc msr pae mce cx8 apic sep mtrr pge mca cmov pat pse36 clflush dts acpi mmx fxsr sse sse2 ss ht tm pbe syscall nx rdtscp lm constant_tsc arch_perfmon pebs bts rep_good nopl xtopology nonstop_tsc aperfmperf eagerfpu pni pclmulqdq dtes64 monitor ds_cpl vmx smx est tm2 ssse3 cx16 xtpr pdcm pcid sse4_1 sse4_2 x2apic popcnt tsc_deadline_timer aes xsave avx f16c rdrand lahf_lm ida arat epb xsaveopt pln pts dtherm tpr_shadow vnmi flexpriority ept vpid fsgsbase smep erms
bogomips	: 6800.24
clflush size	: 64
cache_alignment	: 64
address sizes	: 36 bits physical, 48 bits virtual
power management:

processor	: 3
vendor_id	: GenuineIntel
cpu family	: 6
model		: 58
model name	: Intel(R) Core(TM) i7-3770 CPU @ 3.40GHz
stepping	: 9
microcode	: 0x12
cpu MHz		: 1600.000
cache size	: 8192 KB
physical id	: 0
siblings	: 8
core id		: 3
cpu cores	: 4
apicid		: 6
initial apicid	: 6
fpu		: yes
fpu_exception	: yes
cpuid level	: 13
wp		: yes
flags		: fpu vme de pse tsc msr pae mce cx8 apic sep mtrr pge mca cmov pat pse36 clflush dts acpi mmx fxsr sse sse2 ss ht tm pbe syscall nx rdtscp lm constant_tsc arch_perfmon pebs bts rep_good nopl xtopology nonstop_tsc aperfmperf eagerfpu pni pclmulqdq dtes64 monitor ds_cpl vmx smx est tm2 ssse3 cx16 xtpr pdcm pcid sse4_1 sse4_2 x2apic popcnt tsc_deadline_timer aes xsave avx f16c rdrand lahf_lm ida arat epb xsaveopt pln pts dtherm tpr_shadow vnmi flexpriority ept vpid fsgsbase smep erms
bogomips	: 6800.24
clflush size	: 64
cache_alignment	: 64
address sizes	: 36 bits physical, 48 bits virtual
power management:

processor	: 4
vendor_id	: GenuineIntel
cpu family	: 6
model		: 58
model name	: Intel(R) Core(TM) i7-3770 CPU @ 3.40GHz
stepping	: 9
microcode	: 0x12
cpu MHz		: 1900.000
cache size	: 8192 KB
physical id	: 0
siblings	: 8
core id		: 0
cpu cores	: 4
apicid		: 1
initial apicid	: 1
fpu		: yes
fpu_exception	: yes
cpuid level	: 13
wp		: yes
flags		: fpu vme de pse tsc msr pae mce cx8 apic sep mtrr pge mca cmov pat pse36 clflush dts acpi mmx fxsr sse sse2 ss ht tm pbe syscall nx rdtscp lm constant_tsc arch_perfmon pebs bts rep_good nopl xtopology nonstop_tsc aperfmperf eagerfpu pni pclmulqdq dtes64 monitor ds_cpl vmx smx est tm2 ssse3 cx16 xtpr pdcm pcid sse4_1 sse4_2 x2apic popcnt tsc_deadline_timer aes xsave avx f16c rdrand lahf_lm ida arat epb xsaveopt pln pts dtherm tpr_shadow vnmi flexpriority ept vpid fsgsbase smep erms
bogomips	: 6800.24
clflush size	: 64
cache_alignment	: 64
address sizes	: 36 bits physical, 48 bits virtual
power management:

processor	: 5
vendor_id	: GenuineIntel
cpu family	: 6
model		: 58
model name	: Intel(R) Core(TM) i7-3770 CPU @ 3.40GHz
stepping	: 9
microcode	: 0x12
cpu MHz		: 1600.000
cache size	: 8192 KB
physical id	: 0
siblings	: 8
core id		: 1
cpu cores	: 4
apicid		: 3
initial apicid	: 3
fpu		: yes
fpu_exception	: yes
cpuid level	: 13
wp		: yes
flags		: fpu vme de pse tsc msr pae mce cx8 apic sep mtrr pge mca cmov pat pse36 clflush dts acpi mmx fxsr sse sse2 ss ht tm pbe syscall nx rdtscp lm constant_tsc arch_perfmon pebs bts rep_good nopl xtopology nonstop_tsc aperfmperf eagerfpu pni pclmulqdq dtes64 monitor ds_cpl vmx smx est tm2 ssse3 cx16 xtpr pdcm pcid sse4_1 sse4_2 x2apic popcnt tsc_deadline_timer aes xsave avx f16c rdrand lahf_lm ida arat epb xsaveopt pln pts dtherm tpr_shadow vnmi flexpriority ept vpid fsgsbase smep erms
bogomips	: 6800.24
clflush size	: 64
cache_alignment	: 64
address sizes	: 36 bits physical, 48 bits virtual
power management:

processor	: 6
vendor_id	: GenuineIntel
cpu family	: 6
model		: 58
model name	: Intel(R) Core(TM) i7-3770 CPU @ 3.40GHz
stepping	: 9
microcode	: 0x12
cpu MHz		: 3401.000
cache size	: 8192 KB
physical id	: 0
siblings	: 8
core id		: 2
cpu cores	: 4
apicid		: 5
initial apicid	: 5
fpu		: yes
fpu_exception	: yes
cpuid level	: 13
wp		: yes
flags		: fpu vme de pse tsc msr pae mce cx8 apic sep mtrr pge mca cmov pat pse36 clflush dts acpi mmx fxsr sse sse2 ss ht tm pbe syscall nx rdtscp lm constant_tsc arch_perfmon pebs bts rep_good nopl xtopology nonstop_tsc aperfmperf eagerfpu pni pclmulqdq dtes64 monitor ds_cpl vmx smx est tm2 ssse3 cx16 xtpr pdcm pcid sse4_1 sse4_2 x2apic popcnt tsc_deadline_timer aes xsave avx f16c rdrand lahf_lm ida arat epb xsaveopt pln pts dtherm tpr_shadow vnmi flexpriority ept vpid fsgsbase smep erms
bogomips	: 6800.24
clflush size	: 64
cache_alignment	: 64
address sizes	: 36 bits physical, 48 bits virtual
power management:

processor	: 7
vendor_id	: GenuineIntel
cpu family	: 6
model		: 58
model name	: Intel(R) Core(TM) i7-3770 CPU @ 3.40GHz
stepping	: 9
microcode	: 0x12
cpu MHz		: 3401.000
cache size	: 8192 KB
physical id	: 0
siblings	: 8
core id		: 3
cpu cores	: 4
apicid		: 7
initial apicid	: 7
fpu		: yes
fpu_exception	: yes
cpuid level	: 13
wp		: yes
flags		: fpu vme de pse tsc msr pae mce cx8 apic sep mtrr pge mca cmov pat pse36 clflush dts acpi mmx fxsr sse sse2 ss ht tm pbe syscall nx rdtscp lm constant_tsc arch_perfmon pebs bts rep_good nopl xtopology nonstop_tsc aperfmperf eagerfpu pni pclmulqdq dtes64 monitor ds_cpl vmx smx est tm2 ssse3 cx16 xtpr pdcm pcid sse4_1 sse4_2 x2apic popcnt tsc_deadline_timer aes xsave avx f16c rdrand lahf_lm ida arat epb xsaveopt pln pts dtherm tpr_shadow vnmi flexpriority ept vpid fsgsbase smep erms
bogomips	: 6800.24
clflush size	: 64
cache_alignment	: 64
address sizes	: 36 bits physical, 48 bits virtual
power management:



Memory: 4k page, physical 8128060k(687216k free), swap 8338428k(8338168k free)

vm_info: OpenJDK 64-Bit Server VM (24.75-b04) for linux-amd64 JRE (1.7.0_75-b13), built on Jan 27 2015 00:38:59 by "buildd" with gcc 4.8.2

time: Wed Jul 22 22:45:42 2015
elapsed time: 1 seconds

